
*** Running vivado
    with args -log ila_0.vds -m64 -product Vivado -mode batch -messageDb vivado.pb -notrace -source ila_0.tcl


****** Vivado v2023.2 (64-bit)
  **** SW Build 4029153 on Fri Oct 13 20:13:54 MDT 2023
  **** IP Build 4028589 on Sat Oct 14 00:45:43 MDT 2023
  **** SharedData Build 4025554 on Tue Oct 10 17:18:54 MDT 2023
    ** Copyright 1986-2022 Xilinx, Inc. All Rights Reserved.
    ** Copyright 2022-2023 Advanced Micro Devices, Inc. All Rights Reserved.

source ila_0.tcl -notrace
INFO: [IP_Flow 19-6924] IPCACHE: Running cache check for IP inst: ila_0
Command: synth_design -top ila_0 -part xcu200-fsgd2104-2-e -incremental_mode off -mode out_of_context
Starting synth_design
Attempting to get a license for feature 'Synthesis' and/or device 'xcu200'
INFO: [Common 17-349] Got license for feature 'Synthesis' and/or device 'xcu200'
INFO: [Device 21-403] Loading part xcu200-fsgd2104-2-e
INFO: [Synth 8-7079] Multithreading enabled for synth_design using a maximum of 4 processes.
INFO: [Synth 8-7078] Launching helper process for spawning children vivado processes
INFO: [Synth 8-7075] Helper process launched with PID 31240
---------------------------------------------------------------------------------
Starting RTL Elaboration : Time (s): cpu = 00:00:03 ; elapsed = 00:00:04 . Memory (MB): peak = 2791.555 ; gain = 397.715 ; free physical = 8658 ; free virtual = 23838
---------------------------------------------------------------------------------
INFO: [Synth 8-11241] undeclared symbol 'tms_int', assumed default net type 'wire' [/home/joseantonio/TFM/verilog-ethernet-toqueteo-190724/verilog-ethernet/example/Alveo/fpga_25g/fpga_AU200_10g/fpga.gen/sources_1/ip/ila_0/hdl/verilog/xsdbm_v3_0_0_bs_core_ext.vh:30]
INFO: [Synth 8-11241] undeclared symbol 'runtest_int', assumed default net type 'wire' [/home/joseantonio/TFM/verilog-ethernet-toqueteo-190724/verilog-ethernet/example/Alveo/fpga_25g/fpga_AU200_10g/fpga.gen/sources_1/ip/ila_0/hdl/verilog/xsdbm_v3_0_0_bs_core_ext.vh:32]
INFO: [Synth 8-11241] undeclared symbol 'tms_int', assumed default net type 'wire' [/home/joseantonio/TFM/verilog-ethernet-toqueteo-190724/verilog-ethernet/example/Alveo/fpga_25g/fpga_AU200_10g/fpga.gen/sources_1/ip/ila_0/hdl/verilog/xsdbm_v3_0_0_bs_core_ext.vh:69]
INFO: [Synth 8-11241] undeclared symbol 'runtest_int', assumed default net type 'wire' [/home/joseantonio/TFM/verilog-ethernet-toqueteo-190724/verilog-ethernet/example/Alveo/fpga_25g/fpga_AU200_10g/fpga.gen/sources_1/ip/ila_0/hdl/verilog/xsdbm_v3_0_0_bs_core_ext.vh:71]
INFO: [Synth 8-11241] undeclared symbol 'tms_int', assumed default net type 'wire' [/home/joseantonio/TFM/verilog-ethernet-toqueteo-190724/verilog-ethernet/example/Alveo/fpga_25g/fpga_AU200_10g/fpga.gen/sources_1/ip/ila_0/hdl/verilog/xsdbm_v3_0_0_bs_core_ext.vh:109]
INFO: [Synth 8-11241] undeclared symbol 'runtest_int', assumed default net type 'wire' [/home/joseantonio/TFM/verilog-ethernet-toqueteo-190724/verilog-ethernet/example/Alveo/fpga_25g/fpga_AU200_10g/fpga.gen/sources_1/ip/ila_0/hdl/verilog/xsdbm_v3_0_0_bs_core_ext.vh:111]
INFO: [Synth 8-11241] undeclared symbol 'tms_int', assumed default net type 'wire' [/home/joseantonio/TFM/verilog-ethernet-toqueteo-190724/verilog-ethernet/example/Alveo/fpga_25g/fpga_AU200_10g/fpga.gen/sources_1/ip/ila_0/hdl/verilog/xsdbm_v3_0_0_bs_core_ext.vh:150]
INFO: [Synth 8-11241] undeclared symbol 'runtest_int', assumed default net type 'wire' [/home/joseantonio/TFM/verilog-ethernet-toqueteo-190724/verilog-ethernet/example/Alveo/fpga_25g/fpga_AU200_10g/fpga.gen/sources_1/ip/ila_0/hdl/verilog/xsdbm_v3_0_0_bs_core_ext.vh:152]
INFO: [Synth 8-11241] undeclared symbol 'tms_int', assumed default net type 'wire' [/home/joseantonio/TFM/verilog-ethernet-toqueteo-190724/verilog-ethernet/example/Alveo/fpga_25g/fpga_AU200_10g/fpga.gen/sources_1/ip/ila_0/hdl/verilog/xsdbm_v3_0_0_bs_core_ext.vh:192]
INFO: [Synth 8-11241] undeclared symbol 'runtest_int', assumed default net type 'wire' [/home/joseantonio/TFM/verilog-ethernet-toqueteo-190724/verilog-ethernet/example/Alveo/fpga_25g/fpga_AU200_10g/fpga.gen/sources_1/ip/ila_0/hdl/verilog/xsdbm_v3_0_0_bs_core_ext.vh:194]
INFO: [Synth 8-11241] undeclared symbol 'tms_int', assumed default net type 'wire' [/home/joseantonio/TFM/verilog-ethernet-toqueteo-190724/verilog-ethernet/example/Alveo/fpga_25g/fpga_AU200_10g/fpga.gen/sources_1/ip/ila_0/hdl/verilog/xsdbm_v3_0_0_bs_core_ext.vh:235]
INFO: [Synth 8-11241] undeclared symbol 'runtest_int', assumed default net type 'wire' [/home/joseantonio/TFM/verilog-ethernet-toqueteo-190724/verilog-ethernet/example/Alveo/fpga_25g/fpga_AU200_10g/fpga.gen/sources_1/ip/ila_0/hdl/verilog/xsdbm_v3_0_0_bs_core_ext.vh:237]
INFO: [Synth 8-11241] undeclared symbol 'tms_int', assumed default net type 'wire' [/home/joseantonio/TFM/verilog-ethernet-toqueteo-190724/verilog-ethernet/example/Alveo/fpga_25g/fpga_AU200_10g/fpga.gen/sources_1/ip/ila_0/hdl/verilog/xsdbm_v3_0_0_bs_core_ext.vh:279]
INFO: [Synth 8-11241] undeclared symbol 'runtest_int', assumed default net type 'wire' [/home/joseantonio/TFM/verilog-ethernet-toqueteo-190724/verilog-ethernet/example/Alveo/fpga_25g/fpga_AU200_10g/fpga.gen/sources_1/ip/ila_0/hdl/verilog/xsdbm_v3_0_0_bs_core_ext.vh:281]
INFO: [Synth 8-11241] undeclared symbol 'tms_int', assumed default net type 'wire' [/home/joseantonio/TFM/verilog-ethernet-toqueteo-190724/verilog-ethernet/example/Alveo/fpga_25g/fpga_AU200_10g/fpga.gen/sources_1/ip/ila_0/hdl/verilog/xsdbm_v3_0_0_bs_core_ext.vh:324]
INFO: [Synth 8-11241] undeclared symbol 'runtest_int', assumed default net type 'wire' [/home/joseantonio/TFM/verilog-ethernet-toqueteo-190724/verilog-ethernet/example/Alveo/fpga_25g/fpga_AU200_10g/fpga.gen/sources_1/ip/ila_0/hdl/verilog/xsdbm_v3_0_0_bs_core_ext.vh:326]
INFO: [Synth 8-11241] undeclared symbol 'tms_int', assumed default net type 'wire' [/home/joseantonio/TFM/verilog-ethernet-toqueteo-190724/verilog-ethernet/example/Alveo/fpga_25g/fpga_AU200_10g/fpga.gen/sources_1/ip/ila_0/hdl/verilog/xsdbm_v3_0_0_bs_core_ext.vh:370]
INFO: [Synth 8-11241] undeclared symbol 'runtest_int', assumed default net type 'wire' [/home/joseantonio/TFM/verilog-ethernet-toqueteo-190724/verilog-ethernet/example/Alveo/fpga_25g/fpga_AU200_10g/fpga.gen/sources_1/ip/ila_0/hdl/verilog/xsdbm_v3_0_0_bs_core_ext.vh:372]
INFO: [Synth 8-11241] undeclared symbol 'tms_int', assumed default net type 'wire' [/home/joseantonio/TFM/verilog-ethernet-toqueteo-190724/verilog-ethernet/example/Alveo/fpga_25g/fpga_AU200_10g/fpga.gen/sources_1/ip/ila_0/hdl/verilog/xsdbm_v3_0_0_bs_core_ext.vh:417]
INFO: [Synth 8-11241] undeclared symbol 'runtest_int', assumed default net type 'wire' [/home/joseantonio/TFM/verilog-ethernet-toqueteo-190724/verilog-ethernet/example/Alveo/fpga_25g/fpga_AU200_10g/fpga.gen/sources_1/ip/ila_0/hdl/verilog/xsdbm_v3_0_0_bs_core_ext.vh:419]
INFO: [Synth 8-11241] undeclared symbol 'tms_int', assumed default net type 'wire' [/home/joseantonio/TFM/verilog-ethernet-toqueteo-190724/verilog-ethernet/example/Alveo/fpga_25g/fpga_AU200_10g/fpga.gen/sources_1/ip/ila_0/hdl/verilog/xsdbm_v3_0_0_bs_core_ext.vh:465]
INFO: [Synth 8-11241] undeclared symbol 'runtest_int', assumed default net type 'wire' [/home/joseantonio/TFM/verilog-ethernet-toqueteo-190724/verilog-ethernet/example/Alveo/fpga_25g/fpga_AU200_10g/fpga.gen/sources_1/ip/ila_0/hdl/verilog/xsdbm_v3_0_0_bs_core_ext.vh:467]
INFO: [Synth 8-11241] undeclared symbol 'tms_int', assumed default net type 'wire' [/home/joseantonio/TFM/verilog-ethernet-toqueteo-190724/verilog-ethernet/example/Alveo/fpga_25g/fpga_AU200_10g/fpga.gen/sources_1/ip/ila_0/hdl/verilog/xsdbm_v3_0_0_bs_core_ext.vh:514]
INFO: [Synth 8-11241] undeclared symbol 'runtest_int', assumed default net type 'wire' [/home/joseantonio/TFM/verilog-ethernet-toqueteo-190724/verilog-ethernet/example/Alveo/fpga_25g/fpga_AU200_10g/fpga.gen/sources_1/ip/ila_0/hdl/verilog/xsdbm_v3_0_0_bs_core_ext.vh:516]
INFO: [Synth 8-11241] undeclared symbol 'tms_int', assumed default net type 'wire' [/home/joseantonio/TFM/verilog-ethernet-toqueteo-190724/verilog-ethernet/example/Alveo/fpga_25g/fpga_AU200_10g/fpga.gen/sources_1/ip/ila_0/hdl/verilog/xsdbm_v3_0_0_bs_core_ext.vh:564]
INFO: [Synth 8-11241] undeclared symbol 'runtest_int', assumed default net type 'wire' [/home/joseantonio/TFM/verilog-ethernet-toqueteo-190724/verilog-ethernet/example/Alveo/fpga_25g/fpga_AU200_10g/fpga.gen/sources_1/ip/ila_0/hdl/verilog/xsdbm_v3_0_0_bs_core_ext.vh:566]
INFO: [Synth 8-11241] undeclared symbol 'tms_int', assumed default net type 'wire' [/home/joseantonio/TFM/verilog-ethernet-toqueteo-190724/verilog-ethernet/example/Alveo/fpga_25g/fpga_AU200_10g/fpga.gen/sources_1/ip/ila_0/hdl/verilog/xsdbm_v3_0_0_bs_core_ext.vh:615]
INFO: [Synth 8-11241] undeclared symbol 'runtest_int', assumed default net type 'wire' [/home/joseantonio/TFM/verilog-ethernet-toqueteo-190724/verilog-ethernet/example/Alveo/fpga_25g/fpga_AU200_10g/fpga.gen/sources_1/ip/ila_0/hdl/verilog/xsdbm_v3_0_0_bs_core_ext.vh:617]
INFO: [Synth 8-11241] undeclared symbol 'tms_int', assumed default net type 'wire' [/home/joseantonio/TFM/verilog-ethernet-toqueteo-190724/verilog-ethernet/example/Alveo/fpga_25g/fpga_AU200_10g/fpga.gen/sources_1/ip/ila_0/hdl/verilog/xsdbm_v3_0_0_bs_core.vh:30]
INFO: [Synth 8-11241] undeclared symbol 'runtest_int', assumed default net type 'wire' [/home/joseantonio/TFM/verilog-ethernet-toqueteo-190724/verilog-ethernet/example/Alveo/fpga_25g/fpga_AU200_10g/fpga.gen/sources_1/ip/ila_0/hdl/verilog/xsdbm_v3_0_0_bs_core.vh:32]
INFO: [Synth 8-11241] undeclared symbol 'tms_int', assumed default net type 'wire' [/home/joseantonio/TFM/verilog-ethernet-toqueteo-190724/verilog-ethernet/example/Alveo/fpga_25g/fpga_AU200_10g/fpga.gen/sources_1/ip/ila_0/hdl/verilog/xsdbm_v3_0_0_bs_core.vh:69]
INFO: [Synth 8-11241] undeclared symbol 'runtest_int', assumed default net type 'wire' [/home/joseantonio/TFM/verilog-ethernet-toqueteo-190724/verilog-ethernet/example/Alveo/fpga_25g/fpga_AU200_10g/fpga.gen/sources_1/ip/ila_0/hdl/verilog/xsdbm_v3_0_0_bs_core.vh:71]
INFO: [Synth 8-11241] undeclared symbol 'tms_int', assumed default net type 'wire' [/home/joseantonio/TFM/verilog-ethernet-toqueteo-190724/verilog-ethernet/example/Alveo/fpga_25g/fpga_AU200_10g/fpga.gen/sources_1/ip/ila_0/hdl/verilog/xsdbm_v3_0_0_bs_core.vh:109]
INFO: [Synth 8-11241] undeclared symbol 'runtest_int', assumed default net type 'wire' [/home/joseantonio/TFM/verilog-ethernet-toqueteo-190724/verilog-ethernet/example/Alveo/fpga_25g/fpga_AU200_10g/fpga.gen/sources_1/ip/ila_0/hdl/verilog/xsdbm_v3_0_0_bs_core.vh:111]
INFO: [Synth 8-11241] undeclared symbol 'tms_int', assumed default net type 'wire' [/home/joseantonio/TFM/verilog-ethernet-toqueteo-190724/verilog-ethernet/example/Alveo/fpga_25g/fpga_AU200_10g/fpga.gen/sources_1/ip/ila_0/hdl/verilog/xsdbm_v3_0_0_bs_core.vh:150]
INFO: [Synth 8-11241] undeclared symbol 'runtest_int', assumed default net type 'wire' [/home/joseantonio/TFM/verilog-ethernet-toqueteo-190724/verilog-ethernet/example/Alveo/fpga_25g/fpga_AU200_10g/fpga.gen/sources_1/ip/ila_0/hdl/verilog/xsdbm_v3_0_0_bs_core.vh:152]
INFO: [Synth 8-11241] undeclared symbol 'tms_int', assumed default net type 'wire' [/home/joseantonio/TFM/verilog-ethernet-toqueteo-190724/verilog-ethernet/example/Alveo/fpga_25g/fpga_AU200_10g/fpga.gen/sources_1/ip/ila_0/hdl/verilog/xsdbm_v3_0_0_bs_core.vh:192]
INFO: [Synth 8-11241] undeclared symbol 'runtest_int', assumed default net type 'wire' [/home/joseantonio/TFM/verilog-ethernet-toqueteo-190724/verilog-ethernet/example/Alveo/fpga_25g/fpga_AU200_10g/fpga.gen/sources_1/ip/ila_0/hdl/verilog/xsdbm_v3_0_0_bs_core.vh:194]
INFO: [Synth 8-11241] undeclared symbol 'tms_int', assumed default net type 'wire' [/home/joseantonio/TFM/verilog-ethernet-toqueteo-190724/verilog-ethernet/example/Alveo/fpga_25g/fpga_AU200_10g/fpga.gen/sources_1/ip/ila_0/hdl/verilog/xsdbm_v3_0_0_bs_core.vh:235]
INFO: [Synth 8-11241] undeclared symbol 'runtest_int', assumed default net type 'wire' [/home/joseantonio/TFM/verilog-ethernet-toqueteo-190724/verilog-ethernet/example/Alveo/fpga_25g/fpga_AU200_10g/fpga.gen/sources_1/ip/ila_0/hdl/verilog/xsdbm_v3_0_0_bs_core.vh:237]
INFO: [Synth 8-11241] undeclared symbol 'tms_int', assumed default net type 'wire' [/home/joseantonio/TFM/verilog-ethernet-toqueteo-190724/verilog-ethernet/example/Alveo/fpga_25g/fpga_AU200_10g/fpga.gen/sources_1/ip/ila_0/hdl/verilog/xsdbm_v3_0_0_bs_core.vh:279]
INFO: [Synth 8-11241] undeclared symbol 'runtest_int', assumed default net type 'wire' [/home/joseantonio/TFM/verilog-ethernet-toqueteo-190724/verilog-ethernet/example/Alveo/fpga_25g/fpga_AU200_10g/fpga.gen/sources_1/ip/ila_0/hdl/verilog/xsdbm_v3_0_0_bs_core.vh:281]
INFO: [Synth 8-11241] undeclared symbol 'tms_int', assumed default net type 'wire' [/home/joseantonio/TFM/verilog-ethernet-toqueteo-190724/verilog-ethernet/example/Alveo/fpga_25g/fpga_AU200_10g/fpga.gen/sources_1/ip/ila_0/hdl/verilog/xsdbm_v3_0_0_bs_core.vh:324]
INFO: [Synth 8-11241] undeclared symbol 'runtest_int', assumed default net type 'wire' [/home/joseantonio/TFM/verilog-ethernet-toqueteo-190724/verilog-ethernet/example/Alveo/fpga_25g/fpga_AU200_10g/fpga.gen/sources_1/ip/ila_0/hdl/verilog/xsdbm_v3_0_0_bs_core.vh:326]
INFO: [Synth 8-11241] undeclared symbol 'tms_int', assumed default net type 'wire' [/home/joseantonio/TFM/verilog-ethernet-toqueteo-190724/verilog-ethernet/example/Alveo/fpga_25g/fpga_AU200_10g/fpga.gen/sources_1/ip/ila_0/hdl/verilog/xsdbm_v3_0_0_bs_core.vh:370]
INFO: [Synth 8-11241] undeclared symbol 'runtest_int', assumed default net type 'wire' [/home/joseantonio/TFM/verilog-ethernet-toqueteo-190724/verilog-ethernet/example/Alveo/fpga_25g/fpga_AU200_10g/fpga.gen/sources_1/ip/ila_0/hdl/verilog/xsdbm_v3_0_0_bs_core.vh:372]
INFO: [Synth 8-11241] undeclared symbol 'tms_int', assumed default net type 'wire' [/home/joseantonio/TFM/verilog-ethernet-toqueteo-190724/verilog-ethernet/example/Alveo/fpga_25g/fpga_AU200_10g/fpga.gen/sources_1/ip/ila_0/hdl/verilog/xsdbm_v3_0_0_bs_core.vh:417]
INFO: [Synth 8-11241] undeclared symbol 'runtest_int', assumed default net type 'wire' [/home/joseantonio/TFM/verilog-ethernet-toqueteo-190724/verilog-ethernet/example/Alveo/fpga_25g/fpga_AU200_10g/fpga.gen/sources_1/ip/ila_0/hdl/verilog/xsdbm_v3_0_0_bs_core.vh:419]
INFO: [Synth 8-11241] undeclared symbol 'tms_int', assumed default net type 'wire' [/home/joseantonio/TFM/verilog-ethernet-toqueteo-190724/verilog-ethernet/example/Alveo/fpga_25g/fpga_AU200_10g/fpga.gen/sources_1/ip/ila_0/hdl/verilog/xsdbm_v3_0_0_bs_core.vh:465]
INFO: [Synth 8-11241] undeclared symbol 'runtest_int', assumed default net type 'wire' [/home/joseantonio/TFM/verilog-ethernet-toqueteo-190724/verilog-ethernet/example/Alveo/fpga_25g/fpga_AU200_10g/fpga.gen/sources_1/ip/ila_0/hdl/verilog/xsdbm_v3_0_0_bs_core.vh:467]
INFO: [Synth 8-11241] undeclared symbol 'tms_int', assumed default net type 'wire' [/home/joseantonio/TFM/verilog-ethernet-toqueteo-190724/verilog-ethernet/example/Alveo/fpga_25g/fpga_AU200_10g/fpga.gen/sources_1/ip/ila_0/hdl/verilog/xsdbm_v3_0_0_bs_core.vh:514]
INFO: [Synth 8-11241] undeclared symbol 'runtest_int', assumed default net type 'wire' [/home/joseantonio/TFM/verilog-ethernet-toqueteo-190724/verilog-ethernet/example/Alveo/fpga_25g/fpga_AU200_10g/fpga.gen/sources_1/ip/ila_0/hdl/verilog/xsdbm_v3_0_0_bs_core.vh:516]
INFO: [Synth 8-11241] undeclared symbol 'tms_int', assumed default net type 'wire' [/home/joseantonio/TFM/verilog-ethernet-toqueteo-190724/verilog-ethernet/example/Alveo/fpga_25g/fpga_AU200_10g/fpga.gen/sources_1/ip/ila_0/hdl/verilog/xsdbm_v3_0_0_bs_core.vh:564]
INFO: [Synth 8-11241] undeclared symbol 'runtest_int', assumed default net type 'wire' [/home/joseantonio/TFM/verilog-ethernet-toqueteo-190724/verilog-ethernet/example/Alveo/fpga_25g/fpga_AU200_10g/fpga.gen/sources_1/ip/ila_0/hdl/verilog/xsdbm_v3_0_0_bs_core.vh:566]
INFO: [Synth 8-11241] undeclared symbol 'tms_int', assumed default net type 'wire' [/home/joseantonio/TFM/verilog-ethernet-toqueteo-190724/verilog-ethernet/example/Alveo/fpga_25g/fpga_AU200_10g/fpga.gen/sources_1/ip/ila_0/hdl/verilog/xsdbm_v3_0_0_bs_core.vh:615]
INFO: [Synth 8-11241] undeclared symbol 'runtest_int', assumed default net type 'wire' [/home/joseantonio/TFM/verilog-ethernet-toqueteo-190724/verilog-ethernet/example/Alveo/fpga_25g/fpga_AU200_10g/fpga.gen/sources_1/ip/ila_0/hdl/verilog/xsdbm_v3_0_0_bs_core.vh:617]
INFO: [Synth 8-11241] undeclared symbol 'tms_int', assumed default net type 'wire' [/home/joseantonio/TFM/verilog-ethernet-toqueteo-190724/verilog-ethernet/example/Alveo/fpga_25g/fpga_AU200_10g/fpga.gen/sources_1/ip/ila_0/hdl/verilog/xsdbm_v3_0_0_bs_core_vec.vh:30]
INFO: [Synth 8-11241] undeclared symbol 'runtest_int', assumed default net type 'wire' [/home/joseantonio/TFM/verilog-ethernet-toqueteo-190724/verilog-ethernet/example/Alveo/fpga_25g/fpga_AU200_10g/fpga.gen/sources_1/ip/ila_0/hdl/verilog/xsdbm_v3_0_0_bs_core_vec.vh:32]
INFO: [Synth 8-11241] undeclared symbol 'tms_int', assumed default net type 'wire' [/home/joseantonio/TFM/verilog-ethernet-toqueteo-190724/verilog-ethernet/example/Alveo/fpga_25g/fpga_AU200_10g/fpga.gen/sources_1/ip/ila_0/hdl/verilog/xsdbm_v3_0_0_bs_core_vec.vh:65]
INFO: [Synth 8-11241] undeclared symbol 'runtest_int', assumed default net type 'wire' [/home/joseantonio/TFM/verilog-ethernet-toqueteo-190724/verilog-ethernet/example/Alveo/fpga_25g/fpga_AU200_10g/fpga.gen/sources_1/ip/ila_0/hdl/verilog/xsdbm_v3_0_0_bs_core_vec.vh:67]
INFO: [Synth 8-11241] undeclared symbol 'tms_int', assumed default net type 'wire' [/home/joseantonio/TFM/verilog-ethernet-toqueteo-190724/verilog-ethernet/example/Alveo/fpga_25g/fpga_AU200_10g/fpga.gen/sources_1/ip/ila_0/hdl/verilog/xsdbm_v3_0_0_bs_core_vec.vh:100]
INFO: [Synth 8-11241] undeclared symbol 'runtest_int', assumed default net type 'wire' [/home/joseantonio/TFM/verilog-ethernet-toqueteo-190724/verilog-ethernet/example/Alveo/fpga_25g/fpga_AU200_10g/fpga.gen/sources_1/ip/ila_0/hdl/verilog/xsdbm_v3_0_0_bs_core_vec.vh:102]
INFO: [Synth 8-11241] undeclared symbol 'tms_int', assumed default net type 'wire' [/home/joseantonio/TFM/verilog-ethernet-toqueteo-190724/verilog-ethernet/example/Alveo/fpga_25g/fpga_AU200_10g/fpga.gen/sources_1/ip/ila_0/hdl/verilog/xsdbm_v3_0_0_bs_core_vec.vh:135]
INFO: [Synth 8-11241] undeclared symbol 'runtest_int', assumed default net type 'wire' [/home/joseantonio/TFM/verilog-ethernet-toqueteo-190724/verilog-ethernet/example/Alveo/fpga_25g/fpga_AU200_10g/fpga.gen/sources_1/ip/ila_0/hdl/verilog/xsdbm_v3_0_0_bs_core_vec.vh:137]
INFO: [Synth 8-11241] undeclared symbol 'tms_int', assumed default net type 'wire' [/home/joseantonio/TFM/verilog-ethernet-toqueteo-190724/verilog-ethernet/example/Alveo/fpga_25g/fpga_AU200_10g/fpga.gen/sources_1/ip/ila_0/hdl/verilog/xsdbm_v3_0_0_bs_core_vec.vh:170]
INFO: [Synth 8-11241] undeclared symbol 'runtest_int', assumed default net type 'wire' [/home/joseantonio/TFM/verilog-ethernet-toqueteo-190724/verilog-ethernet/example/Alveo/fpga_25g/fpga_AU200_10g/fpga.gen/sources_1/ip/ila_0/hdl/verilog/xsdbm_v3_0_0_bs_core_vec.vh:172]
INFO: [Synth 8-11241] undeclared symbol 'tms_int', assumed default net type 'wire' [/home/joseantonio/TFM/verilog-ethernet-toqueteo-190724/verilog-ethernet/example/Alveo/fpga_25g/fpga_AU200_10g/fpga.gen/sources_1/ip/ila_0/hdl/verilog/xsdbm_v3_0_0_bs_core_vec.vh:205]
INFO: [Synth 8-11241] undeclared symbol 'runtest_int', assumed default net type 'wire' [/home/joseantonio/TFM/verilog-ethernet-toqueteo-190724/verilog-ethernet/example/Alveo/fpga_25g/fpga_AU200_10g/fpga.gen/sources_1/ip/ila_0/hdl/verilog/xsdbm_v3_0_0_bs_core_vec.vh:207]
INFO: [Synth 8-11241] undeclared symbol 'tms_int', assumed default net type 'wire' [/home/joseantonio/TFM/verilog-ethernet-toqueteo-190724/verilog-ethernet/example/Alveo/fpga_25g/fpga_AU200_10g/fpga.gen/sources_1/ip/ila_0/hdl/verilog/xsdbm_v3_0_0_bs_core_vec.vh:240]
INFO: [Synth 8-11241] undeclared symbol 'runtest_int', assumed default net type 'wire' [/home/joseantonio/TFM/verilog-ethernet-toqueteo-190724/verilog-ethernet/example/Alveo/fpga_25g/fpga_AU200_10g/fpga.gen/sources_1/ip/ila_0/hdl/verilog/xsdbm_v3_0_0_bs_core_vec.vh:242]
INFO: [Synth 8-11241] undeclared symbol 'tms_int', assumed default net type 'wire' [/home/joseantonio/TFM/verilog-ethernet-toqueteo-190724/verilog-ethernet/example/Alveo/fpga_25g/fpga_AU200_10g/fpga.gen/sources_1/ip/ila_0/hdl/verilog/xsdbm_v3_0_0_bs_core_vec.vh:275]
INFO: [Synth 8-11241] undeclared symbol 'runtest_int', assumed default net type 'wire' [/home/joseantonio/TFM/verilog-ethernet-toqueteo-190724/verilog-ethernet/example/Alveo/fpga_25g/fpga_AU200_10g/fpga.gen/sources_1/ip/ila_0/hdl/verilog/xsdbm_v3_0_0_bs_core_vec.vh:277]
INFO: [Synth 8-11241] undeclared symbol 'tms_int', assumed default net type 'wire' [/home/joseantonio/TFM/verilog-ethernet-toqueteo-190724/verilog-ethernet/example/Alveo/fpga_25g/fpga_AU200_10g/fpga.gen/sources_1/ip/ila_0/hdl/verilog/xsdbm_v3_0_0_bs_core_vec.vh:310]
INFO: [Synth 8-11241] undeclared symbol 'runtest_int', assumed default net type 'wire' [/home/joseantonio/TFM/verilog-ethernet-toqueteo-190724/verilog-ethernet/example/Alveo/fpga_25g/fpga_AU200_10g/fpga.gen/sources_1/ip/ila_0/hdl/verilog/xsdbm_v3_0_0_bs_core_vec.vh:312]
INFO: [Synth 8-11241] undeclared symbol 'tms_int', assumed default net type 'wire' [/home/joseantonio/TFM/verilog-ethernet-toqueteo-190724/verilog-ethernet/example/Alveo/fpga_25g/fpga_AU200_10g/fpga.gen/sources_1/ip/ila_0/hdl/verilog/xsdbm_v3_0_0_bs_core_vec.vh:345]
INFO: [Synth 8-11241] undeclared symbol 'runtest_int', assumed default net type 'wire' [/home/joseantonio/TFM/verilog-ethernet-toqueteo-190724/verilog-ethernet/example/Alveo/fpga_25g/fpga_AU200_10g/fpga.gen/sources_1/ip/ila_0/hdl/verilog/xsdbm_v3_0_0_bs_core_vec.vh:347]
INFO: [Synth 8-11241] undeclared symbol 'tms_int', assumed default net type 'wire' [/home/joseantonio/TFM/verilog-ethernet-toqueteo-190724/verilog-ethernet/example/Alveo/fpga_25g/fpga_AU200_10g/fpga.gen/sources_1/ip/ila_0/hdl/verilog/xsdbm_v3_0_0_bs_core_vec.vh:380]
INFO: [Synth 8-11241] undeclared symbol 'runtest_int', assumed default net type 'wire' [/home/joseantonio/TFM/verilog-ethernet-toqueteo-190724/verilog-ethernet/example/Alveo/fpga_25g/fpga_AU200_10g/fpga.gen/sources_1/ip/ila_0/hdl/verilog/xsdbm_v3_0_0_bs_core_vec.vh:382]
INFO: [Synth 8-11241] undeclared symbol 'tms_int', assumed default net type 'wire' [/home/joseantonio/TFM/verilog-ethernet-toqueteo-190724/verilog-ethernet/example/Alveo/fpga_25g/fpga_AU200_10g/fpga.gen/sources_1/ip/ila_0/hdl/verilog/xsdbm_v3_0_0_bs_core_vec.vh:415]
INFO: [Synth 8-11241] undeclared symbol 'runtest_int', assumed default net type 'wire' [/home/joseantonio/TFM/verilog-ethernet-toqueteo-190724/verilog-ethernet/example/Alveo/fpga_25g/fpga_AU200_10g/fpga.gen/sources_1/ip/ila_0/hdl/verilog/xsdbm_v3_0_0_bs_core_vec.vh:417]
INFO: [Synth 8-11241] undeclared symbol 'tms_int', assumed default net type 'wire' [/home/joseantonio/TFM/verilog-ethernet-toqueteo-190724/verilog-ethernet/example/Alveo/fpga_25g/fpga_AU200_10g/fpga.gen/sources_1/ip/ila_0/hdl/verilog/xsdbm_v3_0_0_bs_core_vec.vh:450]
INFO: [Synth 8-11241] undeclared symbol 'runtest_int', assumed default net type 'wire' [/home/joseantonio/TFM/verilog-ethernet-toqueteo-190724/verilog-ethernet/example/Alveo/fpga_25g/fpga_AU200_10g/fpga.gen/sources_1/ip/ila_0/hdl/verilog/xsdbm_v3_0_0_bs_core_vec.vh:452]
INFO: [Synth 8-11241] undeclared symbol 'tms_int', assumed default net type 'wire' [/home/joseantonio/TFM/verilog-ethernet-toqueteo-190724/verilog-ethernet/example/Alveo/fpga_25g/fpga_AU200_10g/fpga.gen/sources_1/ip/ila_0/hdl/verilog/xsdbm_v3_0_0_bs_core_vec.vh:485]
INFO: [Synth 8-11241] undeclared symbol 'runtest_int', assumed default net type 'wire' [/home/joseantonio/TFM/verilog-ethernet-toqueteo-190724/verilog-ethernet/example/Alveo/fpga_25g/fpga_AU200_10g/fpga.gen/sources_1/ip/ila_0/hdl/verilog/xsdbm_v3_0_0_bs_core_vec.vh:487]
INFO: [Synth 8-11241] undeclared symbol 'tms_int', assumed default net type 'wire' [/home/joseantonio/TFM/verilog-ethernet-toqueteo-190724/verilog-ethernet/example/Alveo/fpga_25g/fpga_AU200_10g/fpga.gen/sources_1/ip/ila_0/hdl/verilog/xsdbm_v3_0_0_bs_core_vec.vh:30]
INFO: [Synth 8-11241] undeclared symbol 'runtest_int', assumed default net type 'wire' [/home/joseantonio/TFM/verilog-ethernet-toqueteo-190724/verilog-ethernet/example/Alveo/fpga_25g/fpga_AU200_10g/fpga.gen/sources_1/ip/ila_0/hdl/verilog/xsdbm_v3_0_0_bs_core_vec.vh:32]
INFO: [Synth 8-11241] undeclared symbol 'tms_int', assumed default net type 'wire' [/home/joseantonio/TFM/verilog-ethernet-toqueteo-190724/verilog-ethernet/example/Alveo/fpga_25g/fpga_AU200_10g/fpga.gen/sources_1/ip/ila_0/hdl/verilog/xsdbm_v3_0_0_bs_core_vec.vh:65]
INFO: [Synth 8-11241] undeclared symbol 'runtest_int', assumed default net type 'wire' [/home/joseantonio/TFM/verilog-ethernet-toqueteo-190724/verilog-ethernet/example/Alveo/fpga_25g/fpga_AU200_10g/fpga.gen/sources_1/ip/ila_0/hdl/verilog/xsdbm_v3_0_0_bs_core_vec.vh:67]
INFO: [Synth 8-11241] undeclared symbol 'tms_int', assumed default net type 'wire' [/home/joseantonio/TFM/verilog-ethernet-toqueteo-190724/verilog-ethernet/example/Alveo/fpga_25g/fpga_AU200_10g/fpga.gen/sources_1/ip/ila_0/hdl/verilog/xsdbm_v3_0_0_bs_core_vec.vh:100]
INFO: [Synth 8-11241] undeclared symbol 'runtest_int', assumed default net type 'wire' [/home/joseantonio/TFM/verilog-ethernet-toqueteo-190724/verilog-ethernet/example/Alveo/fpga_25g/fpga_AU200_10g/fpga.gen/sources_1/ip/ila_0/hdl/verilog/xsdbm_v3_0_0_bs_core_vec.vh:102]
INFO: [Synth 8-11241] undeclared symbol 'tms_int', assumed default net type 'wire' [/home/joseantonio/TFM/verilog-ethernet-toqueteo-190724/verilog-ethernet/example/Alveo/fpga_25g/fpga_AU200_10g/fpga.gen/sources_1/ip/ila_0/hdl/verilog/xsdbm_v3_0_0_bs_core_vec.vh:135]
INFO: [Synth 8-11241] undeclared symbol 'runtest_int', assumed default net type 'wire' [/home/joseantonio/TFM/verilog-ethernet-toqueteo-190724/verilog-ethernet/example/Alveo/fpga_25g/fpga_AU200_10g/fpga.gen/sources_1/ip/ila_0/hdl/verilog/xsdbm_v3_0_0_bs_core_vec.vh:137]
INFO: [Synth 8-11241] undeclared symbol 'tms_int', assumed default net type 'wire' [/home/joseantonio/TFM/verilog-ethernet-toqueteo-190724/verilog-ethernet/example/Alveo/fpga_25g/fpga_AU200_10g/fpga.gen/sources_1/ip/ila_0/hdl/verilog/xsdbm_v3_0_0_bs_core_vec.vh:170]
INFO: [Synth 8-11241] undeclared symbol 'runtest_int', assumed default net type 'wire' [/home/joseantonio/TFM/verilog-ethernet-toqueteo-190724/verilog-ethernet/example/Alveo/fpga_25g/fpga_AU200_10g/fpga.gen/sources_1/ip/ila_0/hdl/verilog/xsdbm_v3_0_0_bs_core_vec.vh:172]
INFO: [Synth 8-11241] undeclared symbol 'tms_int', assumed default net type 'wire' [/home/joseantonio/TFM/verilog-ethernet-toqueteo-190724/verilog-ethernet/example/Alveo/fpga_25g/fpga_AU200_10g/fpga.gen/sources_1/ip/ila_0/hdl/verilog/xsdbm_v3_0_0_bs_core_vec.vh:205]
INFO: [Synth 8-11241] undeclared symbol 'runtest_int', assumed default net type 'wire' [/home/joseantonio/TFM/verilog-ethernet-toqueteo-190724/verilog-ethernet/example/Alveo/fpga_25g/fpga_AU200_10g/fpga.gen/sources_1/ip/ila_0/hdl/verilog/xsdbm_v3_0_0_bs_core_vec.vh:207]
INFO: [Synth 8-11241] undeclared symbol 'tms_int', assumed default net type 'wire' [/home/joseantonio/TFM/verilog-ethernet-toqueteo-190724/verilog-ethernet/example/Alveo/fpga_25g/fpga_AU200_10g/fpga.gen/sources_1/ip/ila_0/hdl/verilog/xsdbm_v3_0_0_bs_core_vec.vh:240]
INFO: [Synth 8-11241] undeclared symbol 'runtest_int', assumed default net type 'wire' [/home/joseantonio/TFM/verilog-ethernet-toqueteo-190724/verilog-ethernet/example/Alveo/fpga_25g/fpga_AU200_10g/fpga.gen/sources_1/ip/ila_0/hdl/verilog/xsdbm_v3_0_0_bs_core_vec.vh:242]
INFO: [Synth 8-11241] undeclared symbol 'tms_int', assumed default net type 'wire' [/home/joseantonio/TFM/verilog-ethernet-toqueteo-190724/verilog-ethernet/example/Alveo/fpga_25g/fpga_AU200_10g/fpga.gen/sources_1/ip/ila_0/hdl/verilog/xsdbm_v3_0_0_bs_core_vec.vh:275]
INFO: [Synth 8-11241] undeclared symbol 'runtest_int', assumed default net type 'wire' [/home/joseantonio/TFM/verilog-ethernet-toqueteo-190724/verilog-ethernet/example/Alveo/fpga_25g/fpga_AU200_10g/fpga.gen/sources_1/ip/ila_0/hdl/verilog/xsdbm_v3_0_0_bs_core_vec.vh:277]
INFO: [Common 17-14] Message 'Synth 8-11241' appears 100 times and further instances of the messages will be disabled. Use the Tcl command set_msg_config to change the current settings.
INFO: [Synth 8-6157] synthesizing module 'ila_0' [/home/joseantonio/TFM/verilog-ethernet-toqueteo-190724/verilog-ethernet/example/Alveo/fpga_25g/fpga_AU200_10g/fpga.gen/sources_1/ip/ila_0/synth/ila_0.v:48]
INFO: [Synth 8-6157] synthesizing module 'CFGLUT5' [/tools/Xilinx/Vivado/2023.2/scripts/rt/data/unisim_comp.v:2403]
INFO: [Synth 8-6155] done synthesizing module 'CFGLUT5' (0#1) [/tools/Xilinx/Vivado/2023.2/scripts/rt/data/unisim_comp.v:2403]
INFO: [Synth 8-6157] synthesizing module 'CARRY4' [/tools/Xilinx/Vivado/2023.2/scripts/rt/data/unisim_comp.v:2366]
INFO: [Synth 8-6155] done synthesizing module 'CARRY4' (0#1) [/tools/Xilinx/Vivado/2023.2/scripts/rt/data/unisim_comp.v:2366]
INFO: [Synth 8-6157] synthesizing module 'SRLC32E' [/tools/Xilinx/Vivado/2023.2/scripts/rt/data/unisim_comp.v:133887]
INFO: [Synth 8-6155] done synthesizing module 'SRLC32E' (0#1) [/tools/Xilinx/Vivado/2023.2/scripts/rt/data/unisim_comp.v:133887]
INFO: [Synth 8-6157] synthesizing module 'SRL16E' [/tools/Xilinx/Vivado/2023.2/scripts/rt/data/unisim_comp.v:133737]
INFO: [Synth 8-6155] done synthesizing module 'SRL16E' (0#1) [/tools/Xilinx/Vivado/2023.2/scripts/rt/data/unisim_comp.v:133737]
INFO: [Synth 8-6157] synthesizing module 'SRLC16E' [/tools/Xilinx/Vivado/2023.2/scripts/rt/data/unisim_comp.v:133826]
INFO: [Synth 8-6155] done synthesizing module 'SRLC16E' (0#1) [/tools/Xilinx/Vivado/2023.2/scripts/rt/data/unisim_comp.v:133826]
INFO: [Synth 8-6157] synthesizing module 'FDRE' [/tools/Xilinx/Vivado/2023.2/scripts/rt/data/unisim_comp.v:41005]
INFO: [Synth 8-6155] done synthesizing module 'FDRE' (0#1) [/tools/Xilinx/Vivado/2023.2/scripts/rt/data/unisim_comp.v:41005]
WARNING: [Synth 8-7071] port 'clk_nobuf' of module 'ila_v6_2_14_ila' is unconnected for instance 'inst' [/home/joseantonio/TFM/verilog-ethernet-toqueteo-190724/verilog-ethernet/example/Alveo/fpga_25g/fpga_AU200_10g/fpga.gen/sources_1/ip/ila_0/synth/ila_0.v:3217]
WARNING: [Synth 8-7071] port 'clkdiv_out' of module 'ila_v6_2_14_ila' is unconnected for instance 'inst' [/home/joseantonio/TFM/verilog-ethernet-toqueteo-190724/verilog-ethernet/example/Alveo/fpga_25g/fpga_AU200_10g/fpga.gen/sources_1/ip/ila_0/synth/ila_0.v:3217]
WARNING: [Synth 8-7071] port 'trig_in' of module 'ila_v6_2_14_ila' is unconnected for instance 'inst' [/home/joseantonio/TFM/verilog-ethernet-toqueteo-190724/verilog-ethernet/example/Alveo/fpga_25g/fpga_AU200_10g/fpga.gen/sources_1/ip/ila_0/synth/ila_0.v:3217]
WARNING: [Synth 8-7071] port 'trig_in_ack' of module 'ila_v6_2_14_ila' is unconnected for instance 'inst' [/home/joseantonio/TFM/verilog-ethernet-toqueteo-190724/verilog-ethernet/example/Alveo/fpga_25g/fpga_AU200_10g/fpga.gen/sources_1/ip/ila_0/synth/ila_0.v:3217]
WARNING: [Synth 8-7071] port 'trig_out' of module 'ila_v6_2_14_ila' is unconnected for instance 'inst' [/home/joseantonio/TFM/verilog-ethernet-toqueteo-190724/verilog-ethernet/example/Alveo/fpga_25g/fpga_AU200_10g/fpga.gen/sources_1/ip/ila_0/synth/ila_0.v:3217]
WARNING: [Synth 8-7071] port 'trig_out_ack' of module 'ila_v6_2_14_ila' is unconnected for instance 'inst' [/home/joseantonio/TFM/verilog-ethernet-toqueteo-190724/verilog-ethernet/example/Alveo/fpga_25g/fpga_AU200_10g/fpga.gen/sources_1/ip/ila_0/synth/ila_0.v:3217]
WARNING: [Synth 8-7023] instance 'inst' of module 'ila_v6_2_14_ila' has 1033 connections declared, but only 1027 given [/home/joseantonio/TFM/verilog-ethernet-toqueteo-190724/verilog-ethernet/example/Alveo/fpga_25g/fpga_AU200_10g/fpga.gen/sources_1/ip/ila_0/synth/ila_0.v:3217]
INFO: [Synth 8-6155] done synthesizing module 'ila_0' (0#1) [/home/joseantonio/TFM/verilog-ethernet-toqueteo-190724/verilog-ethernet/example/Alveo/fpga_25g/fpga_AU200_10g/fpga.gen/sources_1/ip/ila_0/synth/ila_0.v:48]
WARNING: [Synth 8-3848] Net sl_iport0 in module/entity ila_0 does not have driver. [/home/joseantonio/TFM/verilog-ethernet-toqueteo-190724/verilog-ethernet/example/Alveo/fpga_25g/fpga_AU200_10g/fpga.gen/sources_1/ip/ila_0/synth/ila_0.v:106]
WARNING: [Synth 8-7129] Port CLKB in module blk_mem_gen_v8_4_7_blk_mem_output_block is either unconnected or has no load
WARNING: [Synth 8-7129] Port DOUTA_I[75] in module blk_mem_gen_v8_4_7_blk_mem_output_block is either unconnected or has no load
WARNING: [Synth 8-7129] Port DOUTA_I[74] in module blk_mem_gen_v8_4_7_blk_mem_output_block is either unconnected or has no load
WARNING: [Synth 8-7129] Port DOUTA_I[73] in module blk_mem_gen_v8_4_7_blk_mem_output_block is either unconnected or has no load
WARNING: [Synth 8-7129] Port DOUTA_I[72] in module blk_mem_gen_v8_4_7_blk_mem_output_block is either unconnected or has no load
WARNING: [Synth 8-7129] Port DOUTA_I[71] in module blk_mem_gen_v8_4_7_blk_mem_output_block is either unconnected or has no load
WARNING: [Synth 8-7129] Port DOUTA_I[70] in module blk_mem_gen_v8_4_7_blk_mem_output_block is either unconnected or has no load
WARNING: [Synth 8-7129] Port DOUTA_I[69] in module blk_mem_gen_v8_4_7_blk_mem_output_block is either unconnected or has no load
WARNING: [Synth 8-7129] Port DOUTA_I[68] in module blk_mem_gen_v8_4_7_blk_mem_output_block is either unconnected or has no load
WARNING: [Synth 8-7129] Port DOUTA_I[67] in module blk_mem_gen_v8_4_7_blk_mem_output_block is either unconnected or has no load
WARNING: [Synth 8-7129] Port DOUTA_I[66] in module blk_mem_gen_v8_4_7_blk_mem_output_block is either unconnected or has no load
WARNING: [Synth 8-7129] Port DOUTA_I[65] in module blk_mem_gen_v8_4_7_blk_mem_output_block is either unconnected or has no load
WARNING: [Synth 8-7129] Port DOUTA_I[64] in module blk_mem_gen_v8_4_7_blk_mem_output_block is either unconnected or has no load
WARNING: [Synth 8-7129] Port DOUTA_I[63] in module blk_mem_gen_v8_4_7_blk_mem_output_block is either unconnected or has no load
WARNING: [Synth 8-7129] Port DOUTA_I[62] in module blk_mem_gen_v8_4_7_blk_mem_output_block is either unconnected or has no load
WARNING: [Synth 8-7129] Port DOUTA_I[61] in module blk_mem_gen_v8_4_7_blk_mem_output_block is either unconnected or has no load
WARNING: [Synth 8-7129] Port DOUTA_I[60] in module blk_mem_gen_v8_4_7_blk_mem_output_block is either unconnected or has no load
WARNING: [Synth 8-7129] Port DOUTA_I[59] in module blk_mem_gen_v8_4_7_blk_mem_output_block is either unconnected or has no load
WARNING: [Synth 8-7129] Port DOUTA_I[58] in module blk_mem_gen_v8_4_7_blk_mem_output_block is either unconnected or has no load
WARNING: [Synth 8-7129] Port DOUTA_I[57] in module blk_mem_gen_v8_4_7_blk_mem_output_block is either unconnected or has no load
WARNING: [Synth 8-7129] Port DOUTA_I[56] in module blk_mem_gen_v8_4_7_blk_mem_output_block is either unconnected or has no load
WARNING: [Synth 8-7129] Port DOUTA_I[55] in module blk_mem_gen_v8_4_7_blk_mem_output_block is either unconnected or has no load
WARNING: [Synth 8-7129] Port DOUTA_I[54] in module blk_mem_gen_v8_4_7_blk_mem_output_block is either unconnected or has no load
WARNING: [Synth 8-7129] Port DOUTA_I[53] in module blk_mem_gen_v8_4_7_blk_mem_output_block is either unconnected or has no load
WARNING: [Synth 8-7129] Port DOUTA_I[52] in module blk_mem_gen_v8_4_7_blk_mem_output_block is either unconnected or has no load
WARNING: [Synth 8-7129] Port DOUTA_I[51] in module blk_mem_gen_v8_4_7_blk_mem_output_block is either unconnected or has no load
WARNING: [Synth 8-7129] Port DOUTA_I[50] in module blk_mem_gen_v8_4_7_blk_mem_output_block is either unconnected or has no load
WARNING: [Synth 8-7129] Port DOUTA_I[49] in module blk_mem_gen_v8_4_7_blk_mem_output_block is either unconnected or has no load
WARNING: [Synth 8-7129] Port DOUTA_I[48] in module blk_mem_gen_v8_4_7_blk_mem_output_block is either unconnected or has no load
WARNING: [Synth 8-7129] Port DOUTA_I[47] in module blk_mem_gen_v8_4_7_blk_mem_output_block is either unconnected or has no load
WARNING: [Synth 8-7129] Port DOUTA_I[46] in module blk_mem_gen_v8_4_7_blk_mem_output_block is either unconnected or has no load
WARNING: [Synth 8-7129] Port DOUTA_I[45] in module blk_mem_gen_v8_4_7_blk_mem_output_block is either unconnected or has no load
WARNING: [Synth 8-7129] Port DOUTA_I[44] in module blk_mem_gen_v8_4_7_blk_mem_output_block is either unconnected or has no load
WARNING: [Synth 8-7129] Port DOUTA_I[43] in module blk_mem_gen_v8_4_7_blk_mem_output_block is either unconnected or has no load
WARNING: [Synth 8-7129] Port DOUTA_I[42] in module blk_mem_gen_v8_4_7_blk_mem_output_block is either unconnected or has no load
WARNING: [Synth 8-7129] Port DOUTA_I[41] in module blk_mem_gen_v8_4_7_blk_mem_output_block is either unconnected or has no load
WARNING: [Synth 8-7129] Port DOUTA_I[40] in module blk_mem_gen_v8_4_7_blk_mem_output_block is either unconnected or has no load
WARNING: [Synth 8-7129] Port DOUTA_I[39] in module blk_mem_gen_v8_4_7_blk_mem_output_block is either unconnected or has no load
WARNING: [Synth 8-7129] Port DOUTA_I[38] in module blk_mem_gen_v8_4_7_blk_mem_output_block is either unconnected or has no load
WARNING: [Synth 8-7129] Port DOUTA_I[37] in module blk_mem_gen_v8_4_7_blk_mem_output_block is either unconnected or has no load
WARNING: [Synth 8-7129] Port DOUTA_I[36] in module blk_mem_gen_v8_4_7_blk_mem_output_block is either unconnected or has no load
WARNING: [Synth 8-7129] Port DOUTA_I[35] in module blk_mem_gen_v8_4_7_blk_mem_output_block is either unconnected or has no load
WARNING: [Synth 8-7129] Port DOUTA_I[34] in module blk_mem_gen_v8_4_7_blk_mem_output_block is either unconnected or has no load
WARNING: [Synth 8-7129] Port DOUTA_I[33] in module blk_mem_gen_v8_4_7_blk_mem_output_block is either unconnected or has no load
WARNING: [Synth 8-7129] Port DOUTA_I[32] in module blk_mem_gen_v8_4_7_blk_mem_output_block is either unconnected or has no load
WARNING: [Synth 8-7129] Port DOUTA_I[31] in module blk_mem_gen_v8_4_7_blk_mem_output_block is either unconnected or has no load
WARNING: [Synth 8-7129] Port DOUTA_I[30] in module blk_mem_gen_v8_4_7_blk_mem_output_block is either unconnected or has no load
WARNING: [Synth 8-7129] Port DOUTA_I[29] in module blk_mem_gen_v8_4_7_blk_mem_output_block is either unconnected or has no load
WARNING: [Synth 8-7129] Port DOUTA_I[28] in module blk_mem_gen_v8_4_7_blk_mem_output_block is either unconnected or has no load
WARNING: [Synth 8-7129] Port DOUTA_I[27] in module blk_mem_gen_v8_4_7_blk_mem_output_block is either unconnected or has no load
WARNING: [Synth 8-7129] Port DOUTA_I[26] in module blk_mem_gen_v8_4_7_blk_mem_output_block is either unconnected or has no load
WARNING: [Synth 8-7129] Port DOUTA_I[25] in module blk_mem_gen_v8_4_7_blk_mem_output_block is either unconnected or has no load
WARNING: [Synth 8-7129] Port DOUTA_I[24] in module blk_mem_gen_v8_4_7_blk_mem_output_block is either unconnected or has no load
WARNING: [Synth 8-7129] Port DOUTA_I[23] in module blk_mem_gen_v8_4_7_blk_mem_output_block is either unconnected or has no load
WARNING: [Synth 8-7129] Port DOUTA_I[22] in module blk_mem_gen_v8_4_7_blk_mem_output_block is either unconnected or has no load
WARNING: [Synth 8-7129] Port DOUTA_I[21] in module blk_mem_gen_v8_4_7_blk_mem_output_block is either unconnected or has no load
WARNING: [Synth 8-7129] Port DOUTA_I[20] in module blk_mem_gen_v8_4_7_blk_mem_output_block is either unconnected or has no load
WARNING: [Synth 8-7129] Port DOUTA_I[19] in module blk_mem_gen_v8_4_7_blk_mem_output_block is either unconnected or has no load
WARNING: [Synth 8-7129] Port DOUTA_I[18] in module blk_mem_gen_v8_4_7_blk_mem_output_block is either unconnected or has no load
WARNING: [Synth 8-7129] Port DOUTA_I[17] in module blk_mem_gen_v8_4_7_blk_mem_output_block is either unconnected or has no load
WARNING: [Synth 8-7129] Port DOUTA_I[16] in module blk_mem_gen_v8_4_7_blk_mem_output_block is either unconnected or has no load
WARNING: [Synth 8-7129] Port DOUTA_I[15] in module blk_mem_gen_v8_4_7_blk_mem_output_block is either unconnected or has no load
WARNING: [Synth 8-7129] Port DOUTA_I[14] in module blk_mem_gen_v8_4_7_blk_mem_output_block is either unconnected or has no load
WARNING: [Synth 8-7129] Port DOUTA_I[13] in module blk_mem_gen_v8_4_7_blk_mem_output_block is either unconnected or has no load
WARNING: [Synth 8-7129] Port DOUTA_I[12] in module blk_mem_gen_v8_4_7_blk_mem_output_block is either unconnected or has no load
WARNING: [Synth 8-7129] Port DOUTA_I[11] in module blk_mem_gen_v8_4_7_blk_mem_output_block is either unconnected or has no load
WARNING: [Synth 8-7129] Port DOUTA_I[10] in module blk_mem_gen_v8_4_7_blk_mem_output_block is either unconnected or has no load
WARNING: [Synth 8-7129] Port DOUTA_I[9] in module blk_mem_gen_v8_4_7_blk_mem_output_block is either unconnected or has no load
WARNING: [Synth 8-7129] Port DOUTA_I[8] in module blk_mem_gen_v8_4_7_blk_mem_output_block is either unconnected or has no load
WARNING: [Synth 8-7129] Port DOUTA_I[7] in module blk_mem_gen_v8_4_7_blk_mem_output_block is either unconnected or has no load
WARNING: [Synth 8-7129] Port DOUTA_I[6] in module blk_mem_gen_v8_4_7_blk_mem_output_block is either unconnected or has no load
WARNING: [Synth 8-7129] Port DOUTA_I[5] in module blk_mem_gen_v8_4_7_blk_mem_output_block is either unconnected or has no load
WARNING: [Synth 8-7129] Port DOUTA_I[4] in module blk_mem_gen_v8_4_7_blk_mem_output_block is either unconnected or has no load
WARNING: [Synth 8-7129] Port DOUTA_I[3] in module blk_mem_gen_v8_4_7_blk_mem_output_block is either unconnected or has no load
WARNING: [Synth 8-7129] Port DOUTA_I[2] in module blk_mem_gen_v8_4_7_blk_mem_output_block is either unconnected or has no load
WARNING: [Synth 8-7129] Port DOUTA_I[1] in module blk_mem_gen_v8_4_7_blk_mem_output_block is either unconnected or has no load
WARNING: [Synth 8-7129] Port DOUTA_I[0] in module blk_mem_gen_v8_4_7_blk_mem_output_block is either unconnected or has no load
WARNING: [Synth 8-7129] Port SBITERR_I in module blk_mem_gen_v8_4_7_blk_mem_output_block is either unconnected or has no load
WARNING: [Synth 8-7129] Port DBITERR_I in module blk_mem_gen_v8_4_7_blk_mem_output_block is either unconnected or has no load
WARNING: [Synth 8-7129] Port RDADDRECC_I[9] in module blk_mem_gen_v8_4_7_blk_mem_output_block is either unconnected or has no load
WARNING: [Synth 8-7129] Port RDADDRECC_I[8] in module blk_mem_gen_v8_4_7_blk_mem_output_block is either unconnected or has no load
WARNING: [Synth 8-7129] Port RDADDRECC_I[7] in module blk_mem_gen_v8_4_7_blk_mem_output_block is either unconnected or has no load
WARNING: [Synth 8-7129] Port RDADDRECC_I[6] in module blk_mem_gen_v8_4_7_blk_mem_output_block is either unconnected or has no load
WARNING: [Synth 8-7129] Port RDADDRECC_I[5] in module blk_mem_gen_v8_4_7_blk_mem_output_block is either unconnected or has no load
WARNING: [Synth 8-7129] Port RDADDRECC_I[4] in module blk_mem_gen_v8_4_7_blk_mem_output_block is either unconnected or has no load
WARNING: [Synth 8-7129] Port RDADDRECC_I[3] in module blk_mem_gen_v8_4_7_blk_mem_output_block is either unconnected or has no load
WARNING: [Synth 8-7129] Port RDADDRECC_I[2] in module blk_mem_gen_v8_4_7_blk_mem_output_block is either unconnected or has no load
WARNING: [Synth 8-7129] Port RDADDRECC_I[1] in module blk_mem_gen_v8_4_7_blk_mem_output_block is either unconnected or has no load
WARNING: [Synth 8-7129] Port RDADDRECC_I[0] in module blk_mem_gen_v8_4_7_blk_mem_output_block is either unconnected or has no load
WARNING: [Synth 8-7129] Port DOUTA[35] in module blk_mem_gen_v8_4_7_blk_mem_gen_prim_wrapper__parameterized1 is either unconnected or has no load
WARNING: [Synth 8-7129] Port DOUTA[34] in module blk_mem_gen_v8_4_7_blk_mem_gen_prim_wrapper__parameterized1 is either unconnected or has no load
WARNING: [Synth 8-7129] Port DOUTA[33] in module blk_mem_gen_v8_4_7_blk_mem_gen_prim_wrapper__parameterized1 is either unconnected or has no load
WARNING: [Synth 8-7129] Port DOUTA[32] in module blk_mem_gen_v8_4_7_blk_mem_gen_prim_wrapper__parameterized1 is either unconnected or has no load
WARNING: [Synth 8-7129] Port DOUTA[31] in module blk_mem_gen_v8_4_7_blk_mem_gen_prim_wrapper__parameterized1 is either unconnected or has no load
WARNING: [Synth 8-7129] Port DOUTA[30] in module blk_mem_gen_v8_4_7_blk_mem_gen_prim_wrapper__parameterized1 is either unconnected or has no load
WARNING: [Synth 8-7129] Port DOUTA[29] in module blk_mem_gen_v8_4_7_blk_mem_gen_prim_wrapper__parameterized1 is either unconnected or has no load
WARNING: [Synth 8-7129] Port DOUTA[28] in module blk_mem_gen_v8_4_7_blk_mem_gen_prim_wrapper__parameterized1 is either unconnected or has no load
WARNING: [Synth 8-7129] Port DOUTA[27] in module blk_mem_gen_v8_4_7_blk_mem_gen_prim_wrapper__parameterized1 is either unconnected or has no load
WARNING: [Synth 8-7129] Port DOUTA[26] in module blk_mem_gen_v8_4_7_blk_mem_gen_prim_wrapper__parameterized1 is either unconnected or has no load
WARNING: [Synth 8-7129] Port DOUTA[25] in module blk_mem_gen_v8_4_7_blk_mem_gen_prim_wrapper__parameterized1 is either unconnected or has no load
INFO: [Common 17-14] Message 'Synth 8-7129' appears 100 times and further instances of the messages will be disabled. Use the Tcl command set_msg_config to change the current settings.
---------------------------------------------------------------------------------
Finished RTL Elaboration : Time (s): cpu = 00:00:13 ; elapsed = 00:00:14 . Memory (MB): peak = 3205.000 ; gain = 811.160 ; free physical = 8189 ; free virtual = 23387
---------------------------------------------------------------------------------
---------------------------------------------------------------------------------
Start Handling Custom Attributes
---------------------------------------------------------------------------------
---------------------------------------------------------------------------------
Finished Handling Custom Attributes : Time (s): cpu = 00:00:13 ; elapsed = 00:00:14 . Memory (MB): peak = 3205.000 ; gain = 811.160 ; free physical = 8189 ; free virtual = 23387
---------------------------------------------------------------------------------
---------------------------------------------------------------------------------
Finished RTL Optimization Phase 1 : Time (s): cpu = 00:00:13 ; elapsed = 00:00:14 . Memory (MB): peak = 3205.000 ; gain = 811.160 ; free physical = 8189 ; free virtual = 23387
---------------------------------------------------------------------------------
Netlist sorting complete. Time (s): cpu = 00:00:00.04 ; elapsed = 00:00:00.04 . Memory (MB): peak = 3205.000 ; gain = 0.000 ; free physical = 8188 ; free virtual = 23388
INFO: [Netlist 29-17] Analyzing 200 Unisim elements for replacement
INFO: [Netlist 29-28] Unisim Transformation completed in 0 CPU seconds
INFO: [Project 1-570] Preparing netlist for logic optimization

Processing XDC Constraints
Initializing timing engine
Parsing XDC File [/home/joseantonio/TFM/verilog-ethernet-toqueteo-190724/verilog-ethernet/example/Alveo/fpga_25g/fpga_AU200_10g/fpga.gen/sources_1/ip/ila_0/ila_0_ooc.xdc] for cell 'inst'
Finished Parsing XDC File [/home/joseantonio/TFM/verilog-ethernet-toqueteo-190724/verilog-ethernet/example/Alveo/fpga_25g/fpga_AU200_10g/fpga.gen/sources_1/ip/ila_0/ila_0_ooc.xdc] for cell 'inst'
Parsing XDC File [/home/joseantonio/TFM/verilog-ethernet-toqueteo-190724/verilog-ethernet/example/Alveo/fpga_25g/fpga_AU200_10g/fpga.gen/sources_1/ip/ila_0/ila_v6_2/constraints/ila.xdc] for cell 'inst'
Finished Parsing XDC File [/home/joseantonio/TFM/verilog-ethernet-toqueteo-190724/verilog-ethernet/example/Alveo/fpga_25g/fpga_AU200_10g/fpga.gen/sources_1/ip/ila_0/ila_v6_2/constraints/ila.xdc] for cell 'inst'
Parsing XDC File [/home/joseantonio/TFM/verilog-ethernet-toqueteo-190724/verilog-ethernet/example/Alveo/fpga_25g/fpga_AU200_10g/fpga.runs/ila_0_synth_1/dont_touch.xdc]
Finished Parsing XDC File [/home/joseantonio/TFM/verilog-ethernet-toqueteo-190724/verilog-ethernet/example/Alveo/fpga_25g/fpga_AU200_10g/fpga.runs/ila_0_synth_1/dont_touch.xdc]
Completed Processing XDC Constraints

Netlist sorting complete. Time (s): cpu = 00:00:00 ; elapsed = 00:00:00 . Memory (MB): peak = 3269.031 ; gain = 0.000 ; free physical = 8212 ; free virtual = 23390
INFO: [Project 1-111] Unisim Transformation Summary:
  A total of 151 instances were transformed.
  CFGLUT5 => CFGLUT5 (SRL16E, SRLC32E): 136 instances
  CFGLUT5 => SRLC32E: 15 instances

Constraint Validation Runtime : Time (s): cpu = 00:00:00.05 ; elapsed = 00:00:00.05 . Memory (MB): peak = 3269.066 ; gain = 0.000 ; free physical = 8211 ; free virtual = 23390
INFO: [Designutils 20-5008] Incremental synthesis strategy off
---------------------------------------------------------------------------------
Finished Constraint Validation : Time (s): cpu = 00:00:19 ; elapsed = 00:00:20 . Memory (MB): peak = 3269.066 ; gain = 875.227 ; free physical = 8209 ; free virtual = 23388
---------------------------------------------------------------------------------
---------------------------------------------------------------------------------
Start Loading Part and Timing Information
---------------------------------------------------------------------------------
Loading part: xcu200-fsgd2104-2-e
INFO: [Synth 8-6742] Reading net delay rules and data
---------------------------------------------------------------------------------
Finished Loading Part and Timing Information : Time (s): cpu = 00:00:19 ; elapsed = 00:00:20 . Memory (MB): peak = 3269.066 ; gain = 875.227 ; free physical = 8209 ; free virtual = 23388
---------------------------------------------------------------------------------
---------------------------------------------------------------------------------
Start Applying 'set_property' XDC Constraints
---------------------------------------------------------------------------------
Applied set_property KEEP_HIERARCHY = SOFT for inst. (constraint file  /home/joseantonio/TFM/verilog-ethernet-toqueteo-190724/verilog-ethernet/example/Alveo/fpga_25g/fpga_AU200_10g/fpga.runs/ila_0_synth_1/dont_touch.xdc, line 9).
---------------------------------------------------------------------------------
Finished applying 'set_property' XDC Constraints : Time (s): cpu = 00:00:19 ; elapsed = 00:00:20 . Memory (MB): peak = 3269.066 ; gain = 875.227 ; free physical = 8208 ; free virtual = 23387
---------------------------------------------------------------------------------
INFO: [Synth 8-802] inferred FSM for state register 'current_state_reg' in module 'xsdbs_v1_0_3_reg_p2s'
INFO: [Synth 8-802] inferred FSM for state register 'current_state_reg' in module 'xsdbs_v1_0_3_reg_p2s__parameterized0'
INFO: [Synth 8-802] inferred FSM for state register 'current_state_reg' in module 'xsdbs_v1_0_3_reg_p2s__parameterized1'
INFO: [Synth 8-802] inferred FSM for state register 'current_state_reg' in module 'xsdbs_v1_0_3_reg_p2s__parameterized2'
INFO: [Synth 8-802] inferred FSM for state register 'current_state_reg' in module 'xsdbs_v1_0_3_reg_p2s__parameterized3'
INFO: [Synth 8-802] inferred FSM for state register 'current_state_reg' in module 'xsdbs_v1_0_3_reg_p2s__parameterized4'
INFO: [Synth 8-802] inferred FSM for state register 'current_state_reg' in module 'xsdbs_v1_0_3_reg_p2s__parameterized5'
INFO: [Synth 8-802] inferred FSM for state register 'current_state_reg' in module 'xsdbs_v1_0_3_reg_p2s__parameterized6'
INFO: [Synth 8-802] inferred FSM for state register 'current_state_reg' in module 'xsdbs_v1_0_3_reg_p2s__parameterized7'
INFO: [Synth 8-802] inferred FSM for state register 'current_state_reg' in module 'xsdbs_v1_0_3_reg_p2s__parameterized8'
INFO: [Synth 8-802] inferred FSM for state register 'current_state_reg' in module 'xsdbs_v1_0_3_reg_p2s__parameterized9'
INFO: [Synth 8-802] inferred FSM for state register 'current_state_reg' in module 'xsdbs_v1_0_3_reg_p2s__parameterized10'
INFO: [Synth 8-802] inferred FSM for state register 'current_state_reg' in module 'xsdbs_v1_0_3_reg_p2s__parameterized11'
INFO: [Synth 8-802] inferred FSM for state register 'current_state_reg' in module 'ltlib_v1_0_1_generic_memrd'
---------------------------------------------------------------------------------------------------
                   State |                     New Encoding |                Previous Encoding 
---------------------------------------------------------------------------------------------------
*
                    IDLE |                             0001 |                             0001
                     REG |                             0010 |                             0010
                     P2S |                             0100 |                             0100
                     S2P |                             1000 |                             1000
---------------------------------------------------------------------------------------------------
INFO: [Synth 8-3898] No Re-encoding of one hot register 'current_state_reg' in module 'xsdbs_v1_0_3_reg_p2s'
---------------------------------------------------------------------------------------------------
                   State |                     New Encoding |                Previous Encoding 
---------------------------------------------------------------------------------------------------
*
                    IDLE |                             0001 |                             0001
                     REG |                             0010 |                             0010
                     P2S |                             0100 |                             0100
                     S2P |                             1000 |                             1000
---------------------------------------------------------------------------------------------------
INFO: [Synth 8-3898] No Re-encoding of one hot register 'current_state_reg' in module 'xsdbs_v1_0_3_reg_p2s__parameterized0'
---------------------------------------------------------------------------------------------------
                   State |                     New Encoding |                Previous Encoding 
---------------------------------------------------------------------------------------------------
*
                    IDLE |                             0001 |                             0001
                     REG |                             0010 |                             0010
                     P2S |                             0100 |                             0100
                     S2P |                             1000 |                             1000
---------------------------------------------------------------------------------------------------
INFO: [Synth 8-3898] No Re-encoding of one hot register 'current_state_reg' in module 'xsdbs_v1_0_3_reg_p2s__parameterized1'
---------------------------------------------------------------------------------------------------
                   State |                     New Encoding |                Previous Encoding 
---------------------------------------------------------------------------------------------------
*
                    IDLE |                             0001 |                             0001
                     REG |                             0010 |                             0010
                     P2S |                             0100 |                             0100
                     S2P |                             1000 |                             1000
---------------------------------------------------------------------------------------------------
INFO: [Synth 8-3898] No Re-encoding of one hot register 'current_state_reg' in module 'xsdbs_v1_0_3_reg_p2s__parameterized2'
---------------------------------------------------------------------------------------------------
                   State |                     New Encoding |                Previous Encoding 
---------------------------------------------------------------------------------------------------
*
                    IDLE |                             0001 |                             0001
                     REG |                             0010 |                             0010
                     P2S |                             0100 |                             0100
                     S2P |                             1000 |                             1000
---------------------------------------------------------------------------------------------------
INFO: [Synth 8-3898] No Re-encoding of one hot register 'current_state_reg' in module 'xsdbs_v1_0_3_reg_p2s__parameterized3'
---------------------------------------------------------------------------------------------------
                   State |                     New Encoding |                Previous Encoding 
---------------------------------------------------------------------------------------------------
*
                    IDLE |                             0001 |                             0001
                     REG |                             0010 |                             0010
                     P2S |                             0100 |                             0100
                     S2P |                             1000 |                             1000
---------------------------------------------------------------------------------------------------
INFO: [Synth 8-3898] No Re-encoding of one hot register 'current_state_reg' in module 'xsdbs_v1_0_3_reg_p2s__parameterized4'
---------------------------------------------------------------------------------------------------
                   State |                     New Encoding |                Previous Encoding 
---------------------------------------------------------------------------------------------------
*
                    IDLE |                             0001 |                             0001
                     REG |                             0010 |                             0010
                     P2S |                             0100 |                             0100
                     S2P |                             1000 |                             1000
---------------------------------------------------------------------------------------------------
INFO: [Synth 8-3898] No Re-encoding of one hot register 'current_state_reg' in module 'xsdbs_v1_0_3_reg_p2s__parameterized5'
---------------------------------------------------------------------------------------------------
                   State |                     New Encoding |                Previous Encoding 
---------------------------------------------------------------------------------------------------
*
                    IDLE |                             0001 |                             0001
                     REG |                             0010 |                             0010
                     P2S |                             0100 |                             0100
                     S2P |                             1000 |                             1000
---------------------------------------------------------------------------------------------------
INFO: [Synth 8-3898] No Re-encoding of one hot register 'current_state_reg' in module 'xsdbs_v1_0_3_reg_p2s__parameterized6'
---------------------------------------------------------------------------------------------------
                   State |                     New Encoding |                Previous Encoding 
---------------------------------------------------------------------------------------------------
*
                    IDLE |                             0001 |                             0001
                     REG |                             0010 |                             0010
                     P2S |                             0100 |                             0100
                     S2P |                             1000 |                             1000
---------------------------------------------------------------------------------------------------
INFO: [Synth 8-3898] No Re-encoding of one hot register 'current_state_reg' in module 'xsdbs_v1_0_3_reg_p2s__parameterized7'
---------------------------------------------------------------------------------------------------
                   State |                     New Encoding |                Previous Encoding 
---------------------------------------------------------------------------------------------------
*
                    IDLE |                             0001 |                             0001
                     REG |                             0010 |                             0010
                     P2S |                             0100 |                             0100
                     S2P |                             1000 |                             1000
---------------------------------------------------------------------------------------------------
INFO: [Synth 8-3898] No Re-encoding of one hot register 'current_state_reg' in module 'xsdbs_v1_0_3_reg_p2s__parameterized8'
---------------------------------------------------------------------------------------------------
                   State |                     New Encoding |                Previous Encoding 
---------------------------------------------------------------------------------------------------
*
                    IDLE |                             0001 |                             0001
                     REG |                             0010 |                             0010
                     P2S |                             0100 |                             0100
                     S2P |                             1000 |                             1000
---------------------------------------------------------------------------------------------------
INFO: [Synth 8-3898] No Re-encoding of one hot register 'current_state_reg' in module 'xsdbs_v1_0_3_reg_p2s__parameterized9'
---------------------------------------------------------------------------------------------------
                   State |                     New Encoding |                Previous Encoding 
---------------------------------------------------------------------------------------------------
*
                    IDLE |                             0001 |                             0001
                     REG |                             0010 |                             0010
                     P2S |                             0100 |                             0100
                     S2P |                             1000 |                             1000
---------------------------------------------------------------------------------------------------
INFO: [Synth 8-3898] No Re-encoding of one hot register 'current_state_reg' in module 'xsdbs_v1_0_3_reg_p2s__parameterized10'
---------------------------------------------------------------------------------------------------
                   State |                     New Encoding |                Previous Encoding 
---------------------------------------------------------------------------------------------------
*
                    IDLE |                             0001 |                             0001
                     REG |                             0010 |                             0010
                     P2S |                             0100 |                             0100
                     S2P |                             1000 |                             1000
---------------------------------------------------------------------------------------------------
INFO: [Synth 8-3898] No Re-encoding of one hot register 'current_state_reg' in module 'xsdbs_v1_0_3_reg_p2s__parameterized11'
---------------------------------------------------------------------------------------------------
                   State |                     New Encoding |                Previous Encoding 
---------------------------------------------------------------------------------------------------
*
              RESET_ADDR |                          0000001 |                          0000001
            REQUEST_READ |                          0000010 |                          0000010
           WAIT_READ_ACK |                          0000100 |                          0000100
             OUTPUT_DATA |                          0001000 |                          0001000
                    IDLE |                          0010000 |                          0010000
         INCREMENT_BLOCK |                          0100000 |                          0100000
       INCREMENT_ADDRESS |                          1000000 |                          1000000
---------------------------------------------------------------------------------------------------
INFO: [Synth 8-3898] No Re-encoding of one hot register 'current_state_reg' in module 'ltlib_v1_0_1_generic_memrd'
---------------------------------------------------------------------------------
Finished RTL Optimization Phase 2 : Time (s): cpu = 00:00:20 ; elapsed = 00:00:21 . Memory (MB): peak = 3269.066 ; gain = 875.227 ; free physical = 8210 ; free virtual = 23385
---------------------------------------------------------------------------------
---------------------------------------------------------------------------------
Start RTL Component Statistics 
---------------------------------------------------------------------------------
---------------------------------------------------------------------------------
Finished RTL Component Statistics 
---------------------------------------------------------------------------------
---------------------------------------------------------------------------------
Start Part Resource Summary
---------------------------------------------------------------------------------
Part Resources:
DSPs: 6840 (col length:120)
BRAMs: 4320 (col length: RAMB18 360 RAMB36 180)
---------------------------------------------------------------------------------
Finished Part Resource Summary
---------------------------------------------------------------------------------
---------------------------------------------------------------------------------
Start Cross Boundary and Area Optimization
---------------------------------------------------------------------------------
WARNING: [Synth 8-7080] Parallel synthesis criteria is not met
---------------------------------------------------------------------------------
Finished Cross Boundary and Area Optimization : Time (s): cpu = 00:00:25 ; elapsed = 00:00:27 . Memory (MB): peak = 3269.066 ; gain = 875.227 ; free physical = 8211 ; free virtual = 23385
---------------------------------------------------------------------------------
---------------------------------------------------------------------------------
Start Applying XDC Timing Constraints
---------------------------------------------------------------------------------
---------------------------------------------------------------------------------
Finished Applying XDC Timing Constraints : Time (s): cpu = 00:00:30 ; elapsed = 00:00:32 . Memory (MB): peak = 3299.594 ; gain = 905.754 ; free physical = 8190 ; free virtual = 23364
---------------------------------------------------------------------------------
---------------------------------------------------------------------------------
Start Timing Optimization
---------------------------------------------------------------------------------
---------------------------------------------------------------------------------
Finished Timing Optimization : Time (s): cpu = 00:00:30 ; elapsed = 00:00:32 . Memory (MB): peak = 3332.641 ; gain = 938.801 ; free physical = 8160 ; free virtual = 23334
---------------------------------------------------------------------------------
---------------------------------------------------------------------------------
Start Technology Mapping
---------------------------------------------------------------------------------
---------------------------------------------------------------------------------
Finished Technology Mapping : Time (s): cpu = 00:00:31 ; elapsed = 00:00:32 . Memory (MB): peak = 3334.656 ; gain = 940.816 ; free physical = 8156 ; free virtual = 23331
---------------------------------------------------------------------------------
---------------------------------------------------------------------------------
Start IO Insertion
---------------------------------------------------------------------------------
---------------------------------------------------------------------------------
Start Flattening Before IO Insertion
---------------------------------------------------------------------------------
---------------------------------------------------------------------------------
Finished Flattening Before IO Insertion
---------------------------------------------------------------------------------
---------------------------------------------------------------------------------
Start Final Netlist Cleanup
---------------------------------------------------------------------------------
---------------------------------------------------------------------------------
Finished Final Netlist Cleanup
---------------------------------------------------------------------------------
INFO: [Synth 8-3295] tying undriven pin dummy_inferred:in0 to constant 0
INFO: [Synth 8-3295] tying undriven pin inst:sl_iport0[36] to constant 0
INFO: [Synth 8-3295] tying undriven pin inst:sl_iport0[35] to constant 0
INFO: [Synth 8-3295] tying undriven pin inst:sl_iport0[34] to constant 0
INFO: [Synth 8-3295] tying undriven pin inst:sl_iport0[33] to constant 0
INFO: [Synth 8-3295] tying undriven pin inst:sl_iport0[32] to constant 0
INFO: [Synth 8-3295] tying undriven pin inst:sl_iport0[31] to constant 0
INFO: [Synth 8-3295] tying undriven pin inst:sl_iport0[30] to constant 0
INFO: [Synth 8-3295] tying undriven pin inst:sl_iport0[29] to constant 0
INFO: [Synth 8-3295] tying undriven pin inst:sl_iport0[28] to constant 0
INFO: [Synth 8-3295] tying undriven pin inst:sl_iport0[27] to constant 0
INFO: [Synth 8-3295] tying undriven pin inst:sl_iport0[26] to constant 0
INFO: [Synth 8-3295] tying undriven pin inst:sl_iport0[25] to constant 0
INFO: [Synth 8-3295] tying undriven pin inst:sl_iport0[24] to constant 0
INFO: [Synth 8-3295] tying undriven pin inst:sl_iport0[23] to constant 0
INFO: [Synth 8-3295] tying undriven pin inst:sl_iport0[22] to constant 0
INFO: [Synth 8-3295] tying undriven pin inst:sl_iport0[21] to constant 0
INFO: [Synth 8-3295] tying undriven pin inst:sl_iport0[20] to constant 0
INFO: [Synth 8-3295] tying undriven pin inst:sl_iport0[19] to constant 0
INFO: [Synth 8-3295] tying undriven pin inst:sl_iport0[18] to constant 0
INFO: [Synth 8-3295] tying undriven pin inst:sl_iport0[17] to constant 0
INFO: [Synth 8-3295] tying undriven pin inst:sl_iport0[16] to constant 0
INFO: [Synth 8-3295] tying undriven pin inst:sl_iport0[15] to constant 0
INFO: [Synth 8-3295] tying undriven pin inst:sl_iport0[14] to constant 0
INFO: [Synth 8-3295] tying undriven pin inst:sl_iport0[13] to constant 0
INFO: [Synth 8-3295] tying undriven pin inst:sl_iport0[12] to constant 0
INFO: [Synth 8-3295] tying undriven pin inst:sl_iport0[11] to constant 0
INFO: [Synth 8-3295] tying undriven pin inst:sl_iport0[10] to constant 0
INFO: [Synth 8-3295] tying undriven pin inst:sl_iport0[9] to constant 0
INFO: [Synth 8-3295] tying undriven pin inst:sl_iport0[8] to constant 0
INFO: [Synth 8-3295] tying undriven pin inst:sl_iport0[7] to constant 0
INFO: [Synth 8-3295] tying undriven pin inst:sl_iport0[6] to constant 0
INFO: [Synth 8-3295] tying undriven pin inst:sl_iport0[5] to constant 0
INFO: [Synth 8-3295] tying undriven pin inst:sl_iport0[4] to constant 0
INFO: [Synth 8-3295] tying undriven pin inst:sl_iport0[3] to constant 0
INFO: [Synth 8-3295] tying undriven pin inst:sl_iport0[2] to constant 0
INFO: [Synth 8-3295] tying undriven pin inst:sl_iport0[1] to constant 0
INFO: [Synth 8-3295] tying undriven pin inst:sl_iport0[0] to constant 0
INFO: [Synth 8-3295] tying undriven pin inst:trig_in to constant 0
INFO: [Synth 8-3295] tying undriven pin inst:trig_out_ack to constant 0
---------------------------------------------------------------------------------
Finished IO Insertion : Time (s): cpu = 00:00:33 ; elapsed = 00:00:34 . Memory (MB): peak = 3340.594 ; gain = 946.754 ; free physical = 8129 ; free virtual = 23317
---------------------------------------------------------------------------------
---------------------------------------------------------------------------------
Start Renaming Generated Instances
---------------------------------------------------------------------------------
---------------------------------------------------------------------------------
Finished Renaming Generated Instances : Time (s): cpu = 00:00:33 ; elapsed = 00:00:34 . Memory (MB): peak = 3340.594 ; gain = 946.754 ; free physical = 8129 ; free virtual = 23317
---------------------------------------------------------------------------------
---------------------------------------------------------------------------------
Start Rebuilding User Hierarchy
---------------------------------------------------------------------------------
---------------------------------------------------------------------------------
Finished Rebuilding User Hierarchy : Time (s): cpu = 00:00:33 ; elapsed = 00:00:35 . Memory (MB): peak = 3340.594 ; gain = 946.754 ; free physical = 8126 ; free virtual = 23314
---------------------------------------------------------------------------------
---------------------------------------------------------------------------------
Start Renaming Generated Ports
---------------------------------------------------------------------------------
---------------------------------------------------------------------------------
Finished Renaming Generated Ports : Time (s): cpu = 00:00:33 ; elapsed = 00:00:35 . Memory (MB): peak = 3340.594 ; gain = 946.754 ; free physical = 8126 ; free virtual = 23313
---------------------------------------------------------------------------------
---------------------------------------------------------------------------------
Start Handling Custom Attributes
---------------------------------------------------------------------------------
---------------------------------------------------------------------------------
Finished Handling Custom Attributes : Time (s): cpu = 00:00:33 ; elapsed = 00:00:35 . Memory (MB): peak = 3340.594 ; gain = 946.754 ; free physical = 8125 ; free virtual = 23312
---------------------------------------------------------------------------------
---------------------------------------------------------------------------------
Start Renaming Generated Nets
---------------------------------------------------------------------------------
---------------------------------------------------------------------------------
Finished Renaming Generated Nets : Time (s): cpu = 00:00:33 ; elapsed = 00:00:35 . Memory (MB): peak = 3340.594 ; gain = 946.754 ; free physical = 8124 ; free virtual = 23312
---------------------------------------------------------------------------------
---------------------------------------------------------------------------------
Start Writing Synthesis Report
---------------------------------------------------------------------------------

Report BlackBoxes: 
+-+--------------+----------+
| |BlackBox name |Instances |
+-+--------------+----------+
+-+--------------+----------+

Report Cell Usage: 
+------+---------+------+
|      |Cell     |Count |
+------+---------+------+
|1     |CARRY4   |    49|
|2     |CFGLUT5  |   151|
|3     |LUT1     |    39|
|4     |LUT2     |   109|
|5     |LUT3     |   132|
|6     |LUT4     |   161|
|7     |LUT5     |   145|
|8     |LUT6     |   587|
|9     |MUXF7    |    19|
|10    |RAMB18E2 |     1|
|11    |RAMB36E2 |     2|
|12    |SRL16E   |    79|
|13    |SRLC16E  |     2|
|14    |SRLC32E  |    17|
|15    |FDRE     |  2006|
|16    |FDSE     |    10|
+------+---------+------+
---------------------------------------------------------------------------------
Finished Writing Synthesis Report : Time (s): cpu = 00:00:33 ; elapsed = 00:00:35 . Memory (MB): peak = 3340.594 ; gain = 946.754 ; free physical = 8124 ; free virtual = 23312
---------------------------------------------------------------------------------
Synthesis finished with 0 errors, 0 critical warnings and 2959 warnings.
Synthesis Optimization Runtime : Time (s): cpu = 00:00:29 ; elapsed = 00:00:31 . Memory (MB): peak = 3340.594 ; gain = 882.688 ; free physical = 8123 ; free virtual = 23311
Synthesis Optimization Complete : Time (s): cpu = 00:00:33 ; elapsed = 00:00:35 . Memory (MB): peak = 3340.602 ; gain = 946.754 ; free physical = 8123 ; free virtual = 23311
INFO: [Project 1-571] Translating synthesized netlist
Netlist sorting complete. Time (s): cpu = 00:00:00.03 ; elapsed = 00:00:00.03 . Memory (MB): peak = 3340.602 ; gain = 0.000 ; free physical = 8421 ; free virtual = 23596
INFO: [Netlist 29-17] Analyzing 219 Unisim elements for replacement
INFO: [Netlist 29-28] Unisim Transformation completed in 0 CPU seconds
INFO: [Project 1-570] Preparing netlist for logic optimization
INFO: [Opt 31-138] Pushed 0 inverter(s) to 0 load pin(s).
Netlist sorting complete. Time (s): cpu = 00:00:00 ; elapsed = 00:00:00.01 . Memory (MB): peak = 3439.492 ; gain = 0.000 ; free physical = 8302 ; free virtual = 23540
INFO: [Project 1-111] Unisim Transformation Summary:
  A total of 179 instances were transformed.
  (CARRY4) => CARRY8: 28 instances
  CFGLUT5 => CFGLUT5 (SRL16E, SRLC32E): 136 instances
  CFGLUT5 => SRLC32E: 15 instances

Synth Design complete | Checksum: f4bac77e
INFO: [Common 17-83] Releasing license: Synthesis
203 Infos, 109 Warnings, 0 Critical Warnings and 0 Errors encountered.
synth_design completed successfully
synth_design: Time (s): cpu = 00:00:40 ; elapsed = 00:00:40 . Memory (MB): peak = 3439.527 ; gain = 2091.789 ; free physical = 8296 ; free virtual = 23534
INFO: [Common 17-2834] synth_design peak Physical Memory [PSS] (MB): overall = 2892.564; main = 2673.132; forked = 382.141
INFO: [Common 17-2834] synth_design peak Virtual Memory [VSS] (MB): overall = 4276.246; main = 3439.496; forked = 999.648
Write ShapeDB Complete: Time (s): cpu = 00:00:00.01 ; elapsed = 00:00:00.01 . Memory (MB): peak = 3463.504 ; gain = 0.000 ; free physical = 8293 ; free virtual = 23531
INFO: [Common 17-1381] The checkpoint '/home/joseantonio/TFM/verilog-ethernet-toqueteo-190724/verilog-ethernet/example/Alveo/fpga_25g/fpga_AU200_10g/fpga.runs/ila_0_synth_1/ila_0.dcp' has been generated.
INFO: [Coretcl 2-1648] Added synthesis output to IP cache for IP ila_0, cache-ID = d3b6e49f8effd956
INFO: [Coretcl 2-1174] Renamed 173 cell refs.
Write ShapeDB Complete: Time (s): cpu = 00:00:00 ; elapsed = 00:00:00.01 . Memory (MB): peak = 3463.504 ; gain = 0.000 ; free physical = 8256 ; free virtual = 23497
INFO: [Common 17-1381] The checkpoint '/home/joseantonio/TFM/verilog-ethernet-toqueteo-190724/verilog-ethernet/example/Alveo/fpga_25g/fpga_AU200_10g/fpga.runs/ila_0_synth_1/ila_0.dcp' has been generated.
INFO: [runtcl-4] Executing : report_utilization -file ila_0_utilization_synth.rpt -pb ila_0_utilization_synth.pb
INFO: [Common 17-206] Exiting Vivado at Mon Jul 29 20:40:41 2024...
