Copyright 1986-2022 Xilinx, Inc. All Rights Reserved. Copyright 2022-2023 Advanced Micro Devices, Inc. All Rights Reserved.
---------------------------------------------------------------------------------------------------------------------------------------------
| Tool Version : Vivado v.2023.2 (lin64) Build 4029153 Fri Oct 13 20:13:54 MDT 2023
| Date         : Tue Jul  2 00:06:49 2024
| Host         : joseantonio-Legion-5-15IAH7H running 64-bit Ubuntu 22.04.4 LTS
| Command      : report_utilization -file fpga_utilization_synth.rpt -pb fpga_utilization_synth.pb
| Design       : fpga
| Device       : xcu200-fsgd2104-2-e
| Speed File   : -2
| Design State : Synthesized
---------------------------------------------------------------------------------------------------------------------------------------------

Utilization Design Information

Table of Contents
-----------------
1. CLB Logic
1.1 Summary of Registers by Type
2. BLOCKRAM
3. ARITHMETIC
4. I/O
5. CLOCK
6. ADVANCED
7. CONFIGURATION
8. Primitives
9. Black Boxes
10. Instantiated Netlists
11. SLR Connectivity
12. SLR Connectivity Matrix
13. SLR IO Utilization

1. CLB Logic
------------

+----------------------------+------+-------+------------+-----------+-------+
|          Site Type         | Used | Fixed | Prohibited | Available | Util% |
+----------------------------+------+-------+------------+-----------+-------+
| CLB LUTs*                  | 6120 |     0 |          0 |   1182240 |  0.52 |
|   LUT as Logic             | 6040 |     0 |          0 |   1182240 |  0.51 |
|   LUT as Memory            |   80 |     0 |          0 |    591840 |  0.01 |
|     LUT as Distributed RAM |   80 |     0 |            |           |       |
|     LUT as Shift Register  |    0 |     0 |            |           |       |
| CLB Registers              | 9269 |     0 |          0 |   2364480 |  0.39 |
|   Register as Flip Flop    | 9269 |     0 |          0 |   2364480 |  0.39 |
|   Register as Latch        |    0 |     0 |          0 |   2364480 |  0.00 |
| CARRY8                     |   88 |     0 |          0 |    147780 |  0.06 |
| F7 Muxes                   |   30 |     0 |          0 |    591120 | <0.01 |
| F8 Muxes                   |    4 |     0 |          0 |    295560 | <0.01 |
| F9 Muxes                   |    0 |     0 |          0 |    147780 |  0.00 |
+----------------------------+------+-------+------------+-----------+-------+
* Warning! The Final LUT count, after physical optimizations and full implementation, is typically lower. Run opt_design after synthesis, if not already completed, for a more realistic count.
Warning! LUT value is adjusted to account for LUT combining.


1.1 Summary of Registers by Type
--------------------------------

+-------+--------------+-------------+--------------+
| Total | Clock Enable | Synchronous | Asynchronous |
+-------+--------------+-------------+--------------+
| 0     |            _ |           - |            - |
| 0     |            _ |           - |          Set |
| 0     |            _ |           - |        Reset |
| 0     |            _ |         Set |            - |
| 0     |            _ |       Reset |            - |
| 0     |          Yes |           - |            - |
| 42    |          Yes |           - |          Set |
| 8     |          Yes |           - |        Reset |
| 294   |          Yes |         Set |            - |
| 8925  |          Yes |       Reset |            - |
+-------+--------------+-------------+--------------+


2. BLOCKRAM
-----------

+-------------------+------+-------+------------+-----------+-------+
|     Site Type     | Used | Fixed | Prohibited | Available | Util% |
+-------------------+------+-------+------------+-----------+-------+
| Block RAM Tile    |  8.5 |     0 |          0 |      2160 |  0.39 |
|   RAMB36/FIFO*    |    6 |     0 |          0 |      2160 |  0.28 |
|     RAMB36E2 only |    6 |       |            |           |       |
|   RAMB18          |    5 |     0 |          0 |      4320 |  0.12 |
|     RAMB18E2 only |    5 |       |            |           |       |
| URAM              |    0 |     0 |          0 |       960 |  0.00 |
+-------------------+------+-------+------------+-----------+-------+
* Note: Each Block RAM Tile only has one FIFO logic available and therefore can accommodate only one FIFO36E2 or one FIFO18E2. However, if a FIFO18E2 occupies a Block RAM Tile, that tile can still accommodate a RAMB18E2


3. ARITHMETIC
-------------

+-----------+------+-------+------------+-----------+-------+
| Site Type | Used | Fixed | Prohibited | Available | Util% |
+-----------+------+-------+------------+-----------+-------+
| DSPs      |    0 |     0 |          0 |      6840 |  0.00 |
+-----------+------+-------+------------+-----------+-------+


4. I/O
------

+------------+------+-------+------------+-----------+-------+
|  Site Type | Used | Fixed | Prohibited | Available | Util% |
+------------+------+-------+------------+-----------+-------+
| Bonded IOB |   18 |     0 |          0 |       676 |  2.66 |
+------------+------+-------+------------+-----------+-------+


5. CLOCK
--------

+----------------------+------+-------+------------+-----------+-------+
|       Site Type      | Used | Fixed | Prohibited | Available | Util% |
+----------------------+------+-------+------------+-----------+-------+
| GLOBAL CLOCK BUFFERs |    3 |     0 |          0 |      1800 |  0.17 |
|   BUFGCE             |    2 |     0 |          0 |       720 |  0.28 |
|   BUFGCE_DIV         |    0 |     0 |          0 |       120 |  0.00 |
|   BUFG_GT            |    1 |     0 |          0 |       720 |  0.14 |
|   BUFGCTRL*          |    0 |     0 |          0 |       240 |  0.00 |
| PLL                  |    0 |     0 |          0 |        60 |  0.00 |
| MMCM                 |    1 |     0 |          0 |        30 |  3.33 |
+----------------------+------+-------+------------+-----------+-------+
* Note: Each used BUFGCTRL counts as two GLOBAL CLOCK BUFFERs. This table does not include global clocking resources, only buffer cell usage. See the Clock Utilization Report (report_clock_utilization) for detailed accounting of global clocking resource availability.


6. ADVANCED
-----------

+-----------------+------+-------+------------+-----------+-------+
|    Site Type    | Used | Fixed | Prohibited | Available | Util% |
+-----------------+------+-------+------------+-----------+-------+
| CMACE4          |    0 |     0 |          0 |         9 |  0.00 |
| GTYE4_CHANNEL   |    0 |     0 |          0 |        24 |  0.00 |
| GTYE4_COMMON    |    0 |     0 |          0 |         6 |  0.00 |
| ILKNE4          |    0 |     0 |          0 |         9 |  0.00 |
| OBUFDS_GTE4     |    0 |     0 |          0 |        12 |  0.00 |
| OBUFDS_GTE4_ADV |    0 |     0 |          0 |        12 |  0.00 |
| PCIE40E4        |    0 |     0 |          0 |         6 |  0.00 |
| SYSMONE4        |    0 |     0 |          0 |         3 |  0.00 |
+-----------------+------+-------+------------+-----------+-------+


7. CONFIGURATION
----------------

+-------------+------+-------+------------+-----------+-------+
|  Site Type  | Used | Fixed | Prohibited | Available | Util% |
+-------------+------+-------+------------+-----------+-------+
| BSCANE2     |    0 |     0 |          0 |        12 |  0.00 |
| DNA_PORTE2  |    0 |     0 |          0 |         3 |  0.00 |
| EFUSE_USR   |    0 |     0 |          0 |         3 |  0.00 |
| FRAME_ECCE4 |    0 |     0 |          0 |         3 |  0.00 |
| ICAPE3      |    0 |     0 |          0 |         6 |  0.00 |
| MASTER_JTAG |    0 |     0 |          0 |         3 |  0.00 |
| STARTUPE3   |    1 |     0 |          0 |         3 | 33.33 |
+-------------+------+-------+------------+-----------+-------+


8. Primitives
-------------

+--------------+------+---------------------+
|   Ref Name   | Used | Functional Category |
+--------------+------+---------------------+
| FDRE         | 8925 |            Register |
| LUT6         | 2580 |                 CLB |
| LUT3         | 1456 |                 CLB |
| LUT5         | 1133 |                 CLB |
| LUT4         | 1074 |                 CLB |
| LUT2         |  971 |                 CLB |
| FDSE         |  294 |            Register |
| LUT1         |  227 |                 CLB |
| RAMD32       |  112 |                 CLB |
| CARRY8       |   88 |                 CLB |
| FDPE         |   42 |            Register |
| MUXF7        |   30 |                 CLB |
| RAMS32       |   16 |                 CLB |
| RAMD64E      |   16 |                 CLB |
| OBUF         |   16 |                 I/O |
| FDCE         |    8 |            Register |
| RAMB36E2     |    6 |            BLOCKRAM |
| RAMB18E2     |    5 |            BLOCKRAM |
| MUXF8        |    4 |                 CLB |
| INBUF        |    2 |                 I/O |
| IBUFDS_GTE4  |    2 |                 I/O |
| IBUFCTRL     |    2 |              Others |
| BUFGCE       |    2 |               Clock |
| STARTUPE3    |    1 |       Configuration |
| MMCME4_ADV   |    1 |               Clock |
| BUFG_GT_SYNC |    1 |               Clock |
| BUFG_GT      |    1 |               Clock |
+--------------+------+---------------------+


9. Black Boxes
--------------

+---------------------+------+
|       Ref Name      | Used |
+---------------------+------+
| eth_xcvr_gt_channel |    6 |
| eth_xcvr_gt_full    |    2 |
+---------------------+------+


10. Instantiated Netlists
-------------------------

+----------+------+
| Ref Name | Used |
+----------+------+


11. SLR Connectivity
--------------------

+----------------------------------+------+-------+-----------+-------+
|                                  | Used | Fixed | Available | Util% |
+----------------------------------+------+-------+-----------+-------+
| SLR2 <-> SLR1                    |    0 |       |     17280 |  0.00 |
|   SLR1 -> SLR2                   |    0 |       |           |  0.00 |
|     Using TX_REG only            |    0 |     0 |           |       |
|     Using RX_REG only            |    0 |     0 |           |       |
|     Using Both TX_REG and RX_REG |    0 |     0 |           |       |
|   SLR2 -> SLR1                   |    0 |       |           |  0.00 |
|     Using TX_REG only            |    0 |     0 |           |       |
|     Using RX_REG only            |    0 |     0 |           |       |
|     Using Both TX_REG and RX_REG |    0 |     0 |           |       |
| SLR1 <-> SLR0                    |    0 |       |     17280 |  0.00 |
|   SLR0 -> SLR1                   |    0 |       |           |  0.00 |
|     Using TX_REG only            |    0 |     0 |           |       |
|     Using RX_REG only            |    0 |     0 |           |       |
|     Using Both TX_REG and RX_REG |    0 |     0 |           |       |
|   SLR1 -> SLR0                   |    0 |       |           |  0.00 |
|     Using TX_REG only            |    0 |     0 |           |       |
|     Using RX_REG only            |    0 |     0 |           |       |
|     Using Both TX_REG and RX_REG |    0 |     0 |           |       |
+----------------------------------+------+-------+-----------+-------+
| Total SLLs Used                  |    0 |       |           |       |
+----------------------------------+------+-------+-----------+-------+


12. SLR Connectivity Matrix
---------------------------

+-----------+------+------+------+
| FROM \ TO | SLR2 | SLR1 | SLR0 |
+-----------+------+------+------+
| SLR2      |    0 |    0 |    0 |
| SLR1      |    0 |    0 |    0 |
| SLR0      |    0 |    0 |    0 |
+-----------+------+------+------+


13. SLR IO Utilization
----------------------

+-----------+-----------+---------+------------+----------+------------+----------+-----+
| SLR Index | Used IOBs | (%)IOBs | Used IPADs | (%)IPADs | Used OPADs | (%)OPADs | GTs |
+-----------+-----------+---------+------------+----------+------------+----------+-----+
| SLR2      |         0 |    0.00 |          0 |     0.00 |          0 |     0.00 |   0 |
| SLR1      |         0 |    0.00 |          0 |     0.00 |          0 |     0.00 |   0 |
| SLR0      |         0 |    0.00 |          0 |     0.00 |          0 |     0.00 |   0 |
+-----------+-----------+---------+------------+----------+------------+----------+-----+
| Total     |         0 |         |          0 |          |          0 |          |   0 |
+-----------+-----------+---------+------------+----------+------------+----------+-----+


